{"/home/mrmkz/Documents/packages/AxonJs/src/index.ts": {"path":"/home/mrmkz/Documents/packages/AxonJs/src/index.ts","statementMap":{"0":{"start":{"line":5,"column":0},"end":{"line":5,"column":7}},"1":{"start":{"line":62,"column":2},"end":{"line":5,"column":39}},"2":{"start":{"line":6,"column":0},"end":{"line":6,"column":7}},"3":{"start":{"line":63,"column":2},"end":{"line":6,"column":45}},"4":{"start":{"line":7,"column":0},"end":{"line":7,"column":49}},"5":{"start":{"line":8,"column":0},"end":{"line":8,"column":7}},"6":{"start":{"line":111,"column":2},"end":{"line":8,"column":50}},"7":{"start":{"line":44,"column":15},"end":{"line":44,"column":70}},"8":{"start":{"line":44,"column":48},"end":{"line":44,"column":70}},"9":{"start":{"line":67,"column":2},"end":{"line":67,"column":8}},"10":{"start":{"line":50,"column":13},"end":{"line":50,"column":43}},"11":{"start":{"line":50,"column":29},"end":{"line":50,"column":43}},"12":{"start":{"line":66,"column":2},"end":{"line":66,"column":6}},"13":{"start":{"line":55,"column":19},"end":{"line":55,"column":25}},"14":{"start":{"line":102,"column":2},"end":{"line":102,"column":12}}},"fnMap":{"0":{"name":"(anonymous_1)","decl":{"start":{"line":44,"column":15},"end":{"line":44,"column":16}},"loc":{"start":{"line":44,"column":48},"end":{"line":44,"column":70}}},"1":{"name":"(anonymous_2)","decl":{"start":{"line":50,"column":13},"end":{"line":50,"column":26}},"loc":{"start":{"line":50,"column":29},"end":{"line":50,"column":43}}}},"branchMap":{},"s":{"0":1,"1":1,"2":1,"3":1,"4":1,"5":1,"6":1,"7":1,"8":1,"9":1,"10":1,"11":1,"12":1,"13":1,"14":1},"f":{"0":1,"1":1},"b":{}}
,"/home/mrmkz/Documents/packages/AxonJs/src/Router/AxonRouter.ts": {"path":"/home/mrmkz/Documents/packages/AxonJs/src/Router/AxonRouter.ts","statementMap":{"0":{"start":{"line":1,"column":0},"end":{"line":1,"column":59}},"1":{"start":{"line":2,"column":0},"end":{"line":2,"column":62}},"2":{"start":{"line":4,"column":0},"end":{"line":4,"column":50}},"3":{"start":{"line":5,"column":0},"end":{"line":5,"column":58}},"4":{"start":{"line":6,"column":0},"end":{"line":6,"column":65}},"5":{"start":{"line":9,"column":23},"end":{"line":18,"column":1}},"6":{"start":{"line":10,"column":4},"end":{"line":17,"column":null}},"7":{"start":{"line":22,"column":0},"end":{"line":22,"column":93}},"8":{"start":{"line":22,"column":36},"end":{"line":22,"column":91}},"9":{"start":{"line":29,"column":8},"end":{"line":29,"column":38}},"10":{"start":{"line":30,"column":8},"end":{"line":30,"column":31}},"11":{"start":{"line":34,"column":8},"end":{"line":38,"column":11}},"12":{"start":{"line":40,"column":8},"end":{"line":40,"column":20}},"13":{"start":{"line":24,"column":0},"end":{"line":24,"column":13}},"14":{"start":{"line":49,"column":8},"end":{"line":49,"column":29}},"15":{"start":{"line":51,"column":8},"end":{"line":58,"column":null}},"16":{"start":{"line":90,"column":8},"end":{"line":92,"column":9}},"17":{"start":{"line":91,"column":12},"end":{"line":91,"column":null}},"18":{"start":{"line":94,"column":8},"end":{"line":94,"column":52}},"19":{"start":{"line":96,"column":24},"end":{"line":96,"column":56}},"20":{"start":{"line":97,"column":38},"end":{"line":97,"column":58}},"21":{"start":{"line":99,"column":8},"end":{"line":101,"column":9}},"22":{"start":{"line":100,"column":12},"end":{"line":100,"column":68}},"23":{"start":{"line":103,"column":8},"end":{"line":107,"column":null}},"24":{"start":{"line":109,"column":8},"end":{"line":109,"column":23}},"25":{"start":{"line":141,"column":8},"end":{"line":143,"column":9}},"26":{"start":{"line":142,"column":12},"end":{"line":142,"column":null}},"27":{"start":{"line":145,"column":8},"end":{"line":145,"column":52}},"28":{"start":{"line":147,"column":24},"end":{"line":147,"column":56}},"29":{"start":{"line":148,"column":38},"end":{"line":148,"column":58}},"30":{"start":{"line":150,"column":8},"end":{"line":152,"column":9}},"31":{"start":{"line":151,"column":12},"end":{"line":151,"column":68}},"32":{"start":{"line":154,"column":8},"end":{"line":158,"column":null}},"33":{"start":{"line":160,"column":8},"end":{"line":160,"column":23}},"34":{"start":{"line":187,"column":8},"end":{"line":189,"column":9}},"35":{"start":{"line":188,"column":12},"end":{"line":188,"column":null}},"36":{"start":{"line":191,"column":8},"end":{"line":191,"column":52}},"37":{"start":{"line":193,"column":24},"end":{"line":193,"column":56}},"38":{"start":{"line":194,"column":38},"end":{"line":194,"column":58}},"39":{"start":{"line":196,"column":8},"end":{"line":198,"column":9}},"40":{"start":{"line":197,"column":12},"end":{"line":197,"column":68}},"41":{"start":{"line":200,"column":8},"end":{"line":204,"column":null}},"42":{"start":{"line":206,"column":8},"end":{"line":206,"column":23}},"43":{"start":{"line":237,"column":8},"end":{"line":239,"column":9}},"44":{"start":{"line":238,"column":12},"end":{"line":238,"column":null}},"45":{"start":{"line":241,"column":8},"end":{"line":241,"column":52}},"46":{"start":{"line":243,"column":24},"end":{"line":243,"column":56}},"47":{"start":{"line":244,"column":38},"end":{"line":244,"column":58}},"48":{"start":{"line":246,"column":8},"end":{"line":248,"column":9}},"49":{"start":{"line":247,"column":12},"end":{"line":247,"column":68}},"50":{"start":{"line":250,"column":8},"end":{"line":254,"column":null}},"51":{"start":{"line":256,"column":8},"end":{"line":256,"column":23}},"52":{"start":{"line":284,"column":8},"end":{"line":286,"column":9}},"53":{"start":{"line":285,"column":12},"end":{"line":285,"column":null}},"54":{"start":{"line":288,"column":8},"end":{"line":288,"column":52}},"55":{"start":{"line":290,"column":24},"end":{"line":290,"column":56}},"56":{"start":{"line":291,"column":38},"end":{"line":291,"column":58}},"57":{"start":{"line":293,"column":8},"end":{"line":295,"column":9}},"58":{"start":{"line":294,"column":12},"end":{"line":294,"column":68}},"59":{"start":{"line":297,"column":8},"end":{"line":301,"column":null}},"60":{"start":{"line":303,"column":8},"end":{"line":303,"column":23}},"61":{"start":{"line":320,"column":8},"end":{"line":322,"column":9}},"62":{"start":{"line":321,"column":12},"end":{"line":321,"column":null}},"63":{"start":{"line":324,"column":8},"end":{"line":324,"column":52}},"64":{"start":{"line":326,"column":24},"end":{"line":326,"column":56}},"65":{"start":{"line":327,"column":38},"end":{"line":327,"column":58}},"66":{"start":{"line":329,"column":8},"end":{"line":331,"column":9}},"67":{"start":{"line":330,"column":12},"end":{"line":330,"column":68}},"68":{"start":{"line":333,"column":8},"end":{"line":337,"column":null}},"69":{"start":{"line":339,"column":8},"end":{"line":339,"column":23}},"70":{"start":{"line":343,"column":8},"end":{"line":343,"column":null}},"71":{"start":{"line":361,"column":26},"end":{"line":361,"column":29}},"72":{"start":{"line":362,"column":37},"end":{"line":362,"column":39}},"73":{"start":{"line":363,"column":16},"end":{"line":363,"column":17}},"74":{"start":{"line":364,"column":8},"end":{"line":395,"column":9}},"75":{"start":{"line":365,"column":12},"end":{"line":394,"column":13}},"76":{"start":{"line":367,"column":33},"end":{"line":367,"column":53}},"77":{"start":{"line":368,"column":16},"end":{"line":370,"column":17}},"78":{"start":{"line":369,"column":20},"end":{"line":369,"column":82}},"79":{"start":{"line":372,"column":34},"end":{"line":372,"column":61}},"80":{"start":{"line":373,"column":16},"end":{"line":373,"column":43}},"81":{"start":{"line":374,"column":16},"end":{"line":374,"column":33}},"82":{"start":{"line":376,"column":16},"end":{"line":387,"column":17}},"83":{"start":{"line":377,"column":37},"end":{"line":377,"column":57}},"84":{"start":{"line":378,"column":20},"end":{"line":380,"column":21}},"85":{"start":{"line":379,"column":24},"end":{"line":379,"column":83}},"86":{"start":{"line":381,"column":40},"end":{"line":381,"column":67}},"87":{"start":{"line":382,"column":20},"end":{"line":382,"column":54}},"88":{"start":{"line":383,"column":20},"end":{"line":383,"column":37}},"89":{"start":{"line":386,"column":20},"end":{"line":386,"column":45}},"90":{"start":{"line":390,"column":34},"end":{"line":390,"column":54}},"91":{"start":{"line":391,"column":32},"end":{"line":391,"column":91}},"92":{"start":{"line":392,"column":16},"end":{"line":392,"column":58}},"93":{"start":{"line":393,"column":16},"end":{"line":393,"column":63}},"94":{"start":{"line":396,"column":8},"end":{"line":396,"column":29}},"95":{"start":{"line":397,"column":8},"end":{"line":397,"column":62}},"96":{"start":{"line":402,"column":8},"end":{"line":402,"column":66}},"97":{"start":{"line":406,"column":8},"end":{"line":408,"column":9}},"98":{"start":{"line":407,"column":12},"end":{"line":407,"column":null}},"99":{"start":{"line":410,"column":8},"end":{"line":411,"column":null}},"100":{"start":{"line":411,"column":12},"end":{"line":411,"column":null}},"101":{"start":{"line":413,"column":8},"end":{"line":414,"column":null}},"102":{"start":{"line":414,"column":12},"end":{"line":414,"column":null}},"103":{"start":{"line":416,"column":8},"end":{"line":418,"column":9}},"104":{"start":{"line":417,"column":12},"end":{"line":417,"column":133}},"105":{"start":{"line":420,"column":8},"end":{"line":420,"column":20}},"106":{"start":{"line":424,"column":8},"end":{"line":426,"column":9}},"107":{"start":{"line":425,"column":12},"end":{"line":425,"column":127}},"108":{"start":{"line":430,"column":0},"end":{"line":430,"column":26}}},"fnMap":{"0":{"name":"(anonymous_1)","decl":{"start":{"line":9,"column":23},"end":{"line":9,"column":24}},"loc":{"start":{"line":9,"column":67},"end":{"line":18,"column":1}}},"1":{"name":"(anonymous_2)","decl":{"start":{"line":22,"column":26},"end":{"line":22,"column":32}},"loc":{"start":{"line":22,"column":36},"end":{"line":22,"column":91}}},"2":{"name":"(anonymous_3)","decl":{"start":{"line":28,"column":4},"end":{"line":28,"column":16}},"loc":{"start":{"line":28,"column":45},"end":{"line":31,"column":5}}},"3":{"name":"(anonymous_4)","decl":{"start":{"line":33,"column":11},"end":{"line":33,"column":21}},"loc":{"start":{"line":33,"column":81},"end":{"line":41,"column":5}}},"4":{"name":"(anonymous_5)","decl":{"start":{"line":48,"column":4},"end":{"line":48,"column":16}},"loc":{"start":{"line":48,"column":31},"end":{"line":59,"column":5}}},"5":{"name":"(anonymous_6)","decl":{"start":{"line":89,"column":11},"end":{"line":89,"column":14}},"loc":{"start":{"line":89,"column":123},"end":{"line":110,"column":5}}},"6":{"name":"(anonymous_7)","decl":{"start":{"line":140,"column":11},"end":{"line":140,"column":15}},"loc":{"start":{"line":140,"column":124},"end":{"line":161,"column":5}}},"7":{"name":"(anonymous_8)","decl":{"start":{"line":186,"column":11},"end":{"line":186,"column":14}},"loc":{"start":{"line":186,"column":123},"end":{"line":207,"column":5}}},"8":{"name":"(anonymous_9)","decl":{"start":{"line":236,"column":11},"end":{"line":236,"column":16}},"loc":{"start":{"line":236,"column":125},"end":{"line":257,"column":5}}},"9":{"name":"(anonymous_10)","decl":{"start":{"line":283,"column":11},"end":{"line":283,"column":17}},"loc":{"start":{"line":283,"column":126},"end":{"line":304,"column":5}}},"10":{"name":"(anonymous_11)","decl":{"start":{"line":319,"column":11},"end":{"line":319,"column":18}},"loc":{"start":{"line":319,"column":127},"end":{"line":340,"column":5}}},"11":{"name":"(anonymous_12)","decl":{"start":{"line":342,"column":11},"end":{"line":342,"column":23}},"loc":{"start":{"line":342,"column":23},"end":{"line":344,"column":5}}},"12":{"name":"(anonymous_13)","decl":{"start":{"line":360,"column":12},"end":{"line":360,"column":21}},"loc":{"start":{"line":360,"column":34},"end":{"line":398,"column":5}}},"13":{"name":"(anonymous_14)","decl":{"start":{"line":400,"column":12},"end":{"line":400,"column":24}},"loc":{"start":{"line":400,"column":37},"end":{"line":403,"column":5}}},"14":{"name":"(anonymous_15)","decl":{"start":{"line":405,"column":12},"end":{"line":405,"column":29}},"loc":{"start":{"line":405,"column":42},"end":{"line":421,"column":5}}},"15":{"name":"(anonymous_16)","decl":{"start":{"line":423,"column":12},"end":{"line":423,"column":41}},"loc":{"start":{"line":423,"column":102},"end":{"line":427,"column":5}}}},"branchMap":{"0":{"loc":{"start":{"line":22,"column":57},"end":{"line":22,"column":91}},"type":"binary-expr","locations":[{"start":{"line":22,"column":57},"end":{"line":22,"column":82}},{"start":{"line":22,"column":86},"end":{"line":22,"column":91}}]},"1":{"loc":{"start":{"line":33,"column":56},"end":{"line":33,"column":81}},"type":"default-arg","locations":[{"start":{"line":33,"column":76},"end":{"line":33,"column":81}}]},"2":{"loc":{"start":{"line":35,"column":21},"end":{"line":35,"column":50}},"type":"binary-expr","locations":[{"start":{"line":35,"column":21},"end":{"line":35,"column":28}},{"start":{"line":35,"column":32},"end":{"line":35,"column":50}}]},"3":{"loc":{"start":{"line":90,"column":8},"end":{"line":92,"column":9}},"type":"if","locations":[{"start":{"line":90,"column":8},"end":{"line":92,"column":9}}]},"4":{"loc":{"start":{"line":99,"column":8},"end":{"line":101,"column":9}},"type":"if","locations":[{"start":{"line":99,"column":8},"end":{"line":101,"column":9}}]},"5":{"loc":{"start":{"line":141,"column":8},"end":{"line":143,"column":9}},"type":"if","locations":[{"start":{"line":141,"column":8},"end":{"line":143,"column":9}}]},"6":{"loc":{"start":{"line":150,"column":8},"end":{"line":152,"column":9}},"type":"if","locations":[{"start":{"line":150,"column":8},"end":{"line":152,"column":9}}]},"7":{"loc":{"start":{"line":187,"column":8},"end":{"line":189,"column":9}},"type":"if","locations":[{"start":{"line":187,"column":8},"end":{"line":189,"column":9}}]},"8":{"loc":{"start":{"line":196,"column":8},"end":{"line":198,"column":9}},"type":"if","locations":[{"start":{"line":196,"column":8},"end":{"line":198,"column":9}}]},"9":{"loc":{"start":{"line":237,"column":8},"end":{"line":239,"column":9}},"type":"if","locations":[{"start":{"line":237,"column":8},"end":{"line":239,"column":9}}]},"10":{"loc":{"start":{"line":246,"column":8},"end":{"line":248,"column":9}},"type":"if","locations":[{"start":{"line":246,"column":8},"end":{"line":248,"column":9}}]},"11":{"loc":{"start":{"line":284,"column":8},"end":{"line":286,"column":9}},"type":"if","locations":[{"start":{"line":284,"column":8},"end":{"line":286,"column":9}}]},"12":{"loc":{"start":{"line":293,"column":8},"end":{"line":295,"column":9}},"type":"if","locations":[{"start":{"line":293,"column":8},"end":{"line":295,"column":9}}]},"13":{"loc":{"start":{"line":320,"column":8},"end":{"line":322,"column":9}},"type":"if","locations":[{"start":{"line":320,"column":8},"end":{"line":322,"column":9}}]},"14":{"loc":{"start":{"line":329,"column":8},"end":{"line":331,"column":9}},"type":"if","locations":[{"start":{"line":329,"column":8},"end":{"line":331,"column":9}}]},"15":{"loc":{"start":{"line":365,"column":12},"end":{"line":394,"column":13}},"type":"if","locations":[{"start":{"line":365,"column":12},"end":{"line":394,"column":13}},{"start":{"line":388,"column":19},"end":{"line":394,"column":13}}]},"16":{"loc":{"start":{"line":368,"column":16},"end":{"line":370,"column":17}},"type":"if","locations":[{"start":{"line":368,"column":16},"end":{"line":370,"column":17}}]},"17":{"loc":{"start":{"line":376,"column":16},"end":{"line":387,"column":17}},"type":"if","locations":[{"start":{"line":376,"column":16},"end":{"line":387,"column":17}},{"start":{"line":384,"column":23},"end":{"line":387,"column":17}}]},"18":{"loc":{"start":{"line":376,"column":20},"end":{"line":376,"column":54}},"type":"binary-expr","locations":[{"start":{"line":376,"column":20},"end":{"line":376,"column":35}},{"start":{"line":376,"column":39},"end":{"line":376,"column":54}}]},"19":{"loc":{"start":{"line":378,"column":20},"end":{"line":380,"column":21}},"type":"if","locations":[{"start":{"line":378,"column":20},"end":{"line":380,"column":21}}]},"20":{"loc":{"start":{"line":391,"column":32},"end":{"line":391,"column":91}},"type":"cond-expr","locations":[{"start":{"line":391,"column":51},"end":{"line":391,"column":64}},{"start":{"line":391,"column":67},"end":{"line":391,"column":91}}]},"21":{"loc":{"start":{"line":393,"column":20},"end":{"line":393,"column":62}},"type":"cond-expr","locations":[{"start":{"line":393,"column":39},"end":{"line":393,"column":50}},{"start":{"line":393,"column":53},"end":{"line":393,"column":62}}]},"22":{"loc":{"start":{"line":406,"column":8},"end":{"line":408,"column":9}},"type":"if","locations":[{"start":{"line":406,"column":8},"end":{"line":408,"column":9}}]},"23":{"loc":{"start":{"line":410,"column":8},"end":{"line":411,"column":null}},"type":"if","locations":[{"start":{"line":410,"column":8},"end":{"line":411,"column":null}}]},"24":{"loc":{"start":{"line":413,"column":8},"end":{"line":414,"column":null}},"type":"if","locations":[{"start":{"line":413,"column":8},"end":{"line":414,"column":null}}]},"25":{"loc":{"start":{"line":416,"column":8},"end":{"line":418,"column":9}},"type":"if","locations":[{"start":{"line":416,"column":8},"end":{"line":418,"column":9}}]}},"s":{"0":1,"1":1,"2":1,"3":1,"4":1,"5":1,"6":0,"7":1,"8":1,"9":7,"10":7,"11":1,"12":1,"13":1,"14":1,"15":1,"16":3,"17":0,"18":3,"19":3,"20":3,"21":3,"22":0,"23":3,"24":3,"25":1,"26":0,"27":1,"28":1,"29":1,"30":1,"31":0,"32":1,"33":1,"34":1,"35":0,"36":1,"37":1,"38":1,"39":1,"40":0,"41":1,"42":1,"43":1,"44":0,"45":1,"46":1,"47":1,"48":1,"49":0,"50":1,"51":1,"52":1,"53":0,"54":1,"55":1,"56":1,"57":1,"58":0,"59":1,"60":1,"61":0,"62":0,"63":0,"64":0,"65":0,"66":0,"67":0,"68":0,"69":0,"70":1,"71":7,"72":7,"73":7,"74":7,"75":8,"76":1,"77":1,"78":0,"79":1,"80":1,"81":1,"82":1,"83":0,"84":0,"85":0,"86":0,"87":0,"88":0,"89":1,"90":7,"91":7,"92":7,"93":7,"94":7,"95":7,"96":7,"97":7,"98":0,"99":7,"100":0,"101":7,"102":0,"103":7,"104":0,"105":7,"106":0,"107":0,"108":1},"f":{"0":0,"1":1,"2":7,"3":1,"4":1,"5":3,"6":1,"7":1,"8":1,"9":1,"10":0,"11":1,"12":7,"13":7,"14":7,"15":0},"b":{"0":[1,1],"1":[1],"2":[1,1],"3":[0],"4":[0],"5":[0],"6":[0],"7":[0],"8":[0],"9":[0],"10":[0],"11":[0],"12":[0],"13":[0],"14":[0],"15":[1,7],"16":[0],"17":[0,1],"18":[1,0],"19":[0],"20":[6,1],"21":[6,1],"22":[0],"23":[0],"24":[0],"25":[0]}}
,"/home/mrmkz/Documents/packages/AxonJs/src/Router/exceptions/RouterException.ts": {"path":"/home/mrmkz/Documents/packages/AxonJs/src/Router/exceptions/RouterException.ts","statementMap":{"0":{"start":{"line":8,"column":8},"end":{"line":8,"column":null}},"1":{"start":{"line":9,"column":8},"end":{"line":9,"column":null}},"2":{"start":{"line":10,"column":8},"end":{"line":10,"column":null}},"3":{"start":{"line":14,"column":0},"end":{"line":14,"column":31}}},"fnMap":{"0":{"name":"(anonymous_0)","decl":{"start":{"line":7,"column":4},"end":{"line":7,"column":16}},"loc":{"start":{"line":7,"column":43},"end":{"line":11,"column":5}}}},"branchMap":{},"s":{"0":0,"1":0,"2":0,"3":1},"f":{"0":0},"b":{}}
,"/home/mrmkz/Documents/packages/AxonJs/src/core/AxonCore.ts": {"path":"/home/mrmkz/Documents/packages/AxonJs/src/core/AxonCore.ts","statementMap":{"0":{"start":{"line":1,"column":0},"end":{"line":1,"column":29}},"1":{"start":{"line":2,"column":0},"end":{"line":2,"column":31}},"2":{"start":{"line":3,"column":0},"end":{"line":3,"column":43}},"3":{"start":{"line":4,"column":0},"end":{"line":4,"column":41}},"4":{"start":{"line":7,"column":0},"end":{"line":7,"column":44}},"5":{"start":{"line":8,"column":0},"end":{"line":8,"column":52}},"6":{"start":{"line":18,"column":0},"end":{"line":18,"column":70}},"7":{"start":{"line":24,"column":0},"end":{"line":24,"column":51}},"8":{"start":{"line":25,"column":0},"end":{"line":25,"column":39}},"9":{"start":{"line":26,"column":0},"end":{"line":26,"column":53}},"10":{"start":{"line":27,"column":0},"end":{"line":27,"column":52}},"11":{"start":{"line":28,"column":0},"end":{"line":28,"column":89}},"12":{"start":{"line":32,"column":25},"end":{"line":36,"column":null}},"13":{"start":{"line":82,"column":41},"end":{"line":82,"column":59}},"14":{"start":{"line":85,"column":8},"end":{"line":88,"column":null}},"15":{"start":{"line":90,"column":8},"end":{"line":97,"column":null}},"16":{"start":{"line":99,"column":8},"end":{"line":99,"column":36}},"17":{"start":{"line":101,"column":8},"end":{"line":101,"column":25}},"18":{"start":{"line":102,"column":8},"end":{"line":102,"column":35}},"19":{"start":{"line":103,"column":8},"end":{"line":103,"column":31}},"20":{"start":{"line":104,"column":8},"end":{"line":104,"column":34}},"21":{"start":{"line":106,"column":8},"end":{"line":106,"column":55}},"22":{"start":{"line":125,"column":8},"end":{"line":125,"column":51}},"23":{"start":{"line":129,"column":26},"end":{"line":129,"column":43}},"24":{"start":{"line":131,"column":8},"end":{"line":131,"column":56}},"25":{"start":{"line":133,"column":24},"end":{"line":133,"column":41}},"26":{"start":{"line":135,"column":8},"end":{"line":135,"column":80}},"27":{"start":{"line":143,"column":26},"end":{"line":143,"column":43}},"28":{"start":{"line":145,"column":8},"end":{"line":145,"column":44}},"29":{"start":{"line":147,"column":8},"end":{"line":147,"column":34}},"30":{"start":{"line":149,"column":24},"end":{"line":149,"column":41}},"31":{"start":{"line":151,"column":8},"end":{"line":151,"column":84}},"32":{"start":{"line":167,"column":26},"end":{"line":167,"column":43}},"33":{"start":{"line":169,"column":8},"end":{"line":169,"column":32}},"34":{"start":{"line":171,"column":42},"end":{"line":171,"column":63}},"35":{"start":{"line":173,"column":9},"end":{"line":186,"column":null}},"36":{"start":{"line":174,"column":12},"end":{"line":185,"column":13}},"37":{"start":{"line":175,"column":16},"end":{"line":184,"column":null}},"38":{"start":{"line":176,"column":20},"end":{"line":183,"column":21}},"39":{"start":{"line":177,"column":24},"end":{"line":177,"column":81}},"40":{"start":{"line":178,"column":24},"end":{"line":178,"column":84}},"41":{"start":{"line":180,"column":24},"end":{"line":180,"column":null}},"42":{"start":{"line":182,"column":24},"end":{"line":182,"column":null}},"43":{"start":{"line":188,"column":8},"end":{"line":188,"column":33}},"44":{"start":{"line":190,"column":24},"end":{"line":190,"column":41}},"45":{"start":{"line":192,"column":8},"end":{"line":192,"column":79}},"46":{"start":{"line":226,"column":8},"end":{"line":226,"column":82}},"47":{"start":{"line":235,"column":8},"end":{"line":235,"column":null}},"48":{"start":{"line":248,"column":26},"end":{"line":248,"column":43}},"49":{"start":{"line":250,"column":8},"end":{"line":250,"column":69}},"50":{"start":{"line":252,"column":8},"end":{"line":258,"column":9}},"51":{"start":{"line":253,"column":12},"end":{"line":257,"column":null}},"52":{"start":{"line":260,"column":8},"end":{"line":270,"column":9}},"53":{"start":{"line":261,"column":12},"end":{"line":269,"column":13}},"54":{"start":{"line":262,"column":16},"end":{"line":268,"column":17}},"55":{"start":{"line":263,"column":20},"end":{"line":267,"column":23}},"56":{"start":{"line":272,"column":8},"end":{"line":272,"column":null}},"57":{"start":{"line":274,"column":24},"end":{"line":274,"column":41}},"58":{"start":{"line":276,"column":8},"end":{"line":276,"column":91}},"59":{"start":{"line":283,"column":8},"end":{"line":283,"column":36}},"60":{"start":{"line":293,"column":8},"end":{"line":297,"column":null}},"61":{"start":{"line":294,"column":12},"end":{"line":294,"column":null}},"62":{"start":{"line":296,"column":12},"end":{"line":296,"column":41}},"63":{"start":{"line":299,"column":8},"end":{"line":308,"column":9}},"64":{"start":{"line":300,"column":12},"end":{"line":307,"column":null}},"65":{"start":{"line":310,"column":23},"end":{"line":310,"column":54}},"66":{"start":{"line":312,"column":25},"end":{"line":312,"column":30}},"67":{"start":{"line":314,"column":8},"end":{"line":323,"column":9}},"68":{"start":{"line":315,"column":12},"end":{"line":322,"column":null}},"69":{"start":{"line":325,"column":8},"end":{"line":422,"column":9}},"70":{"start":{"line":326,"column":26},"end":{"line":326,"column":72}},"71":{"start":{"line":329,"column":29},"end":{"line":329,"column":46}},"72":{"start":{"line":332,"column":41},"end":{"line":332,"column":63}},"73":{"start":{"line":334,"column":26},"end":{"line":334,"column":87}},"74":{"start":{"line":336,"column":12},"end":{"line":410,"column":13}},"75":{"start":{"line":337,"column":16},"end":{"line":409,"column":17}},"76":{"start":{"line":338,"column":20},"end":{"line":398,"column":21}},"77":{"start":{"line":339,"column":24},"end":{"line":339,"column":null}},"78":{"start":{"line":341,"column":38},"end":{"line":341,"column":63}},"79":{"start":{"line":345,"column":75},"end":{"line":345,"column":77}},"80":{"start":{"line":346,"column":80},"end":{"line":346,"column":82}},"81":{"start":{"line":348,"column":24},"end":{"line":350,"column":27}},"82":{"start":{"line":349,"column":28},"end":{"line":349,"column":59}},"83":{"start":{"line":354,"column":24},"end":{"line":357,"column":25}},"84":{"start":{"line":355,"column":52},"end":{"line":355,"column":68}},"85":{"start":{"line":356,"column":28},"end":{"line":356,"column":93}},"86":{"start":{"line":359,"column":24},"end":{"line":359,"column":44}},"87":{"start":{"line":360,"column":24},"end":{"line":360,"column":48}},"88":{"start":{"line":362,"column":65},"end":{"line":362,"column":97}},"89":{"start":{"line":364,"column":59},"end":{"line":364,"column":90}},"90":{"start":{"line":366,"column":41},"end":{"line":366,"column":91}},"91":{"start":{"line":368,"column":70},"end":{"line":371,"column":26}},"92":{"start":{"line":374,"column":24},"end":{"line":394,"column":49}},"93":{"start":{"line":375,"column":28},"end":{"line":393,"column":55}},"94":{"start":{"line":376,"column":32},"end":{"line":392,"column":48}},"95":{"start":{"line":377,"column":36},"end":{"line":377,"column":63}},"96":{"start":{"line":380,"column":36},"end":{"line":391,"column":37}},"97":{"start":{"line":381,"column":40},"end":{"line":388,"column":null}},"98":{"start":{"line":390,"column":40},"end":{"line":390,"column":null}},"99":{"start":{"line":397,"column":24},"end":{"line":397,"column":33}},"100":{"start":{"line":400,"column":20},"end":{"line":400,"column":null}},"101":{"start":{"line":402,"column":20},"end":{"line":408,"column":23}},"102":{"start":{"line":412,"column":12},"end":{"line":420,"column":13}},"103":{"start":{"line":413,"column":16},"end":{"line":419,"column":19}},"104":{"start":{"line":438,"column":8},"end":{"line":500,"column":9}},"105":{"start":{"line":439,"column":12},"end":{"line":439,"column":40}},"106":{"start":{"line":439,"column":33},"end":{"line":439,"column":40}},"107":{"start":{"line":441,"column":23},"end":{"line":441,"column":30}},"108":{"start":{"line":442,"column":29},"end":{"line":442,"column":34}},"109":{"start":{"line":444,"column":12},"end":{"line":497,"column":13}},"110":{"start":{"line":446,"column":16},"end":{"line":473,"column":19}},"111":{"start":{"line":448,"column":20},"end":{"line":452,"column":21}},"112":{"start":{"line":449,"column":24},"end":{"line":451,"column":31}},"113":{"start":{"line":450,"column":28},"end":{"line":450,"column":91}},"114":{"start":{"line":455,"column":40},"end":{"line":459,"column":21}},"115":{"start":{"line":456,"column":24},"end":{"line":456,"column":42}},"116":{"start":{"line":457,"column":24},"end":{"line":457,"column":55}},"117":{"start":{"line":457,"column":35},"end":{"line":457,"column":55}},"118":{"start":{"line":458,"column":24},"end":{"line":458,"column":34}},"119":{"start":{"line":462,"column":20},"end":{"line":472,"column":27}},"120":{"start":{"line":464,"column":28},"end":{"line":467,"column":29}},"121":{"start":{"line":465,"column":32},"end":{"line":465,"column":63}},"122":{"start":{"line":465,"column":43},"end":{"line":465,"column":63}},"123":{"start":{"line":466,"column":32},"end":{"line":466,"column":42}},"124":{"start":{"line":470,"column":28},"end":{"line":470,"column":59}},"125":{"start":{"line":470,"column":39},"end":{"line":470,"column":59}},"126":{"start":{"line":471,"column":28},"end":{"line":471,"column":40}},"127":{"start":{"line":475,"column":16},"end":{"line":475,"column":44}},"128":{"start":{"line":475,"column":37},"end":{"line":475,"column":44}},"129":{"start":{"line":477,"column":31},"end":{"line":477,"column":79}},"130":{"start":{"line":478,"column":16},"end":{"line":496,"column":17}},"131":{"start":{"line":479,"column":20},"end":{"line":483,"column":54}},"132":{"start":{"line":485,"column":20},"end":{"line":492,"column":23}},"133":{"start":{"line":494,"column":20},"end":{"line":494,"column":87}},"134":{"start":{"line":495,"column":20},"end":{"line":495,"column":29}},"135":{"start":{"line":499,"column":12},"end":{"line":499,"column":37}},"136":{"start":{"line":499,"column":28},"end":{"line":499,"column":37}},"137":{"start":{"line":502,"column":8},"end":{"line":504,"column":9}},"138":{"start":{"line":503,"column":12},"end":{"line":503,"column":25}},"139":{"start":{"line":508,"column":8},"end":{"line":510,"column":9}},"140":{"start":{"line":509,"column":12},"end":{"line":509,"column":null}},"141":{"start":{"line":512,"column":8},"end":{"line":514,"column":9}},"142":{"start":{"line":513,"column":12},"end":{"line":513,"column":null}},"143":{"start":{"line":516,"column":8},"end":{"line":516,"column":null}},"144":{"start":{"line":518,"column":8},"end":{"line":524,"column":9}},"145":{"start":{"line":519,"column":12},"end":{"line":523,"column":13}},"146":{"start":{"line":520,"column":16},"end":{"line":522,"column":17}},"147":{"start":{"line":521,"column":20},"end":{"line":521,"column":null}},"148":{"start":{"line":527,"column":8},"end":{"line":538,"column":9}},"149":{"start":{"line":528,"column":12},"end":{"line":535,"column":null}},"150":{"start":{"line":537,"column":12},"end":{"line":537,"column":null}},"151":{"start":{"line":540,"column":8},"end":{"line":540,"column":null}},"152":{"start":{"line":558,"column":30},"end":{"line":571,"column":9}},"153":{"start":{"line":559,"column":12},"end":{"line":570,"column":15}},"154":{"start":{"line":560,"column":33},"end":{"line":569,"column":23}},"155":{"start":{"line":561,"column":20},"end":{"line":568,"column":21}},"156":{"start":{"line":562,"column":24},"end":{"line":562,"column":69}},"157":{"start":{"line":563,"column":24},"end":{"line":563,"column":48}},"158":{"start":{"line":564,"column":24},"end":{"line":564,"column":34}},"159":{"start":{"line":565,"column":27},"end":{"line":568,"column":21}},"160":{"start":{"line":566,"column":24},"end":{"line":566,"column":48}},"161":{"start":{"line":567,"column":24},"end":{"line":567,"column":34}},"162":{"start":{"line":576,"column":8},"end":{"line":600,"column":11}},"163":{"start":{"line":579,"column":12},"end":{"line":595,"column":15}},"164":{"start":{"line":582,"column":16},"end":{"line":590,"column":19}},"165":{"start":{"line":585,"column":20},"end":{"line":585,"column":59}},"166":{"start":{"line":588,"column":20},"end":{"line":588,"column":77}},"167":{"start":{"line":589,"column":20},"end":{"line":589,"column":37}},"168":{"start":{"line":593,"column":16},"end":{"line":593,"column":73}},"169":{"start":{"line":594,"column":16},"end":{"line":594,"column":33}},"170":{"start":{"line":598,"column":12},"end":{"line":598,"column":69}},"171":{"start":{"line":599,"column":12},"end":{"line":599,"column":29}},"172":{"start":{"line":611,"column":28},"end":{"line":619,"column":9}},"173":{"start":{"line":612,"column":12},"end":{"line":618,"column":13}},"174":{"start":{"line":613,"column":16},"end":{"line":613,"column":58}},"175":{"start":{"line":615,"column":16},"end":{"line":615,"column":null}},"176":{"start":{"line":617,"column":16},"end":{"line":617,"column":null}},"177":{"start":{"line":622,"column":28},"end":{"line":639,"column":9}},"178":{"start":{"line":623,"column":12},"end":{"line":638,"column":13}},"179":{"start":{"line":625,"column":20},"end":{"line":629,"column":21}},"180":{"start":{"line":626,"column":24},"end":{"line":626,"column":null}},"181":{"start":{"line":628,"column":24},"end":{"line":628,"column":null}},"182":{"start":{"line":631,"column":20},"end":{"line":635,"column":21}},"183":{"start":{"line":632,"column":24},"end":{"line":632,"column":null}},"184":{"start":{"line":634,"column":24},"end":{"line":634,"column":null}},"185":{"start":{"line":637,"column":20},"end":{"line":637,"column":null}},"186":{"start":{"line":641,"column":30},"end":{"line":641,"column":83}},"187":{"start":{"line":641,"column":36},"end":{"line":641,"column":83}},"188":{"start":{"line":644,"column":8},"end":{"line":646,"column":9}},"189":{"start":{"line":645,"column":12},"end":{"line":645,"column":90}},"190":{"start":{"line":648,"column":8},"end":{"line":648,"column":null}},"191":{"start":{"line":651,"column":8},"end":{"line":661,"column":9}},"192":{"start":{"line":652,"column":12},"end":{"line":660,"column":null}},"193":{"start":{"line":653,"column":16},"end":{"line":659,"column":17}},"194":{"start":{"line":654,"column":20},"end":{"line":656,"column":21}},"195":{"start":{"line":655,"column":24},"end":{"line":655,"column":117}},"196":{"start":{"line":657,"column":23},"end":{"line":659,"column":17}},"197":{"start":{"line":658,"column":20},"end":{"line":658,"column":111}},"198":{"start":{"line":664,"column":8},"end":{"line":664,"column":88}},"199":{"start":{"line":664,"column":69},"end":{"line":664,"column":86}},"200":{"start":{"line":665,"column":8},"end":{"line":665,"column":85}},"201":{"start":{"line":665,"column":67},"end":{"line":665,"column":83}},"202":{"start":{"line":667,"column":8},"end":{"line":670,"column":11}},"203":{"start":{"line":668,"column":12},"end":{"line":668,"column":null}},"204":{"start":{"line":669,"column":12},"end":{"line":669,"column":null}},"205":{"start":{"line":672,"column":8},"end":{"line":675,"column":11}},"206":{"start":{"line":673,"column":12},"end":{"line":673,"column":null}},"207":{"start":{"line":674,"column":12},"end":{"line":674,"column":null}},"208":{"start":{"line":687,"column":8},"end":{"line":699,"column":9}},"209":{"start":{"line":688,"column":12},"end":{"line":691,"column":13}},"210":{"start":{"line":689,"column":16},"end":{"line":689,"column":42}},"211":{"start":{"line":690,"column":16},"end":{"line":690,"column":50}},"212":{"start":{"line":693,"column":12},"end":{"line":696,"column":13}},"213":{"start":{"line":694,"column":16},"end":{"line":694,"column":43}},"214":{"start":{"line":695,"column":16},"end":{"line":695,"column":51}},"215":{"start":{"line":698,"column":12},"end":{"line":698,"column":24}},"216":{"start":{"line":701,"column":8},"end":{"line":705,"column":9}},"217":{"start":{"line":702,"column":12},"end":{"line":702,"column":41}},"218":{"start":{"line":703,"column":12},"end":{"line":703,"column":51}},"219":{"start":{"line":704,"column":12},"end":{"line":704,"column":24}},"220":{"start":{"line":707,"column":8},"end":{"line":707,"column":21}},"221":{"start":{"line":723,"column":8},"end":{"line":723,"column":28}},"222":{"start":{"line":734,"column":8},"end":{"line":734,"column":27}},"223":{"start":{"line":38,"column":0},"end":{"line":38,"column":21}}},"fnMap":{"0":{"name":"(anonymous_10)","decl":{"start":{"line":84,"column":4},"end":{"line":84,"column":null}},"loc":{"start":{"line":84,"column":4},"end":{"line":107,"column":5}}},"1":{"name":"(anonymous_11)","decl":{"start":{"line":124,"column":4},"end":{"line":124,"column":9}},"loc":{"start":{"line":124,"column":39},"end":{"line":126,"column":5}}},"2":{"name":"(anonymous_12)","decl":{"start":{"line":128,"column":12},"end":{"line":128,"column":17}},"loc":{"start":{"line":128,"column":35},"end":{"line":136,"column":5}}},"3":{"name":"(anonymous_13)","decl":{"start":{"line":142,"column":12},"end":{"line":142,"column":17}},"loc":{"start":{"line":142,"column":28},"end":{"line":152,"column":5}}},"4":{"name":"(anonymous_14)","decl":{"start":{"line":166,"column":4},"end":{"line":166,"column":9}},"loc":{"start":{"line":166,"column":34},"end":{"line":193,"column":5}}},"5":{"name":"(anonymous_15)","decl":{"start":{"line":173,"column":72},"end":{"line":173,"column":73}},"loc":{"start":{"line":173,"column":83},"end":{"line":186,"column":9}}},"6":{"name":"(anonymous_16)","decl":{"start":{"line":175,"column":58},"end":{"line":175,"column":59}},"loc":{"start":{"line":175,"column":68},"end":{"line":184,"column":17}}},"7":{"name":"(anonymous_17)","decl":{"start":{"line":225,"column":4},"end":{"line":225,"column":9}},"loc":{"start":{"line":225,"column":66},"end":{"line":227,"column":5}}},"8":{"name":"(anonymous_18)","decl":{"start":{"line":234,"column":4},"end":{"line":234,"column":9}},"loc":{"start":{"line":234,"column":22},"end":{"line":236,"column":5}}},"9":{"name":"(anonymous_19)","decl":{"start":{"line":247,"column":4},"end":{"line":247,"column":9}},"loc":{"start":{"line":247,"column":101},"end":{"line":277,"column":5}}},"10":{"name":"(anonymous_20)","decl":{"start":{"line":282,"column":4},"end":{"line":282,"column":26}},"loc":{"start":{"line":282,"column":26},"end":{"line":284,"column":5}}},"11":{"name":"(anonymous_21)","decl":{"start":{"line":293,"column":21},"end":{"line":293,"column":22}},"loc":{"start":{"line":293,"column":38},"end":{"line":297,"column":9}}},"12":{"name":"(anonymous_22)","decl":{"start":{"line":348,"column":52},"end":{"line":348,"column":53}},"loc":{"start":{"line":348,"column":83},"end":{"line":350,"column":25}}},"13":{"name":"(anonymous_23)","decl":{"start":{"line":374,"column":62},"end":{"line":374,"column":67}},"loc":{"start":{"line":374,"column":73},"end":{"line":394,"column":25}}},"14":{"name":"(anonymous_24)","decl":{"start":{"line":375,"column":66},"end":{"line":375,"column":71}},"loc":{"start":{"line":375,"column":77},"end":{"line":393,"column":29}}},"15":{"name":"(anonymous_25)","decl":{"start":{"line":376,"column":70},"end":{"line":376,"column":75}},"loc":{"start":{"line":376,"column":81},"end":{"line":392,"column":33}}},"16":{"name":"(anonymous_26)","decl":{"start":{"line":432,"column":12},"end":{"line":432,"column":17}},"loc":{"start":{"line":436,"column":40},"end":{"line":505,"column":5}}},"17":{"name":"(anonymous_27)","decl":{"start":{"line":446,"column":40},"end":{"line":446,"column":41}},"loc":{"start":{"line":446,"column":60},"end":{"line":473,"column":17}}},"18":{"name":"(anonymous_28)","decl":{"start":{"line":449,"column":43},"end":{"line":449,"column":46}},"loc":{"start":{"line":449,"column":48},"end":{"line":451,"column":25}}},"19":{"name":"(anonymous_29)","decl":{"start":{"line":455,"column":40},"end":{"line":455,"column":43}},"loc":{"start":{"line":455,"column":45},"end":{"line":459,"column":21}}},"20":{"name":"(anonymous_30)","decl":{"start":{"line":463,"column":30},"end":{"line":463,"column":33}},"loc":{"start":{"line":463,"column":35},"end":{"line":468,"column":25}}},"21":{"name":"(anonymous_31)","decl":{"start":{"line":469,"column":31},"end":{"line":469,"column":34}},"loc":{"start":{"line":469,"column":37},"end":{"line":472,"column":25}}},"22":{"name":"(anonymous_32)","decl":{"start":{"line":507,"column":12},"end":{"line":507,"column":20}},"loc":{"start":{"line":507,"column":73},"end":{"line":541,"column":5}}},"23":{"name":"(anonymous_33)","decl":{"start":{"line":556,"column":4},"end":{"line":556,"column":10}},"loc":{"start":{"line":556,"column":128},"end":{"line":601,"column":5}}},"24":{"name":"(anonymous_34)","decl":{"start":{"line":558,"column":30},"end":{"line":558,"column":35}},"loc":{"start":{"line":558,"column":56},"end":{"line":571,"column":9}}},"25":{"name":"(anonymous_35)","decl":{"start":{"line":559,"column":31},"end":{"line":559,"column":32}},"loc":{"start":{"line":559,"column":43},"end":{"line":570,"column":13}}},"26":{"name":"(anonymous_36)","decl":{"start":{"line":560,"column":45},"end":{"line":560,"column":48}},"loc":{"start":{"line":560,"column":50},"end":{"line":569,"column":17}}},"27":{"name":"(anonymous_37)","decl":{"start":{"line":576,"column":31},"end":{"line":576,"column":34}},"loc":{"start":{"line":576,"column":36},"end":{"line":597,"column":9}}},"28":{"name":"(anonymous_38)","decl":{"start":{"line":579,"column":42},"end":{"line":579,"column":45}},"loc":{"start":{"line":579,"column":47},"end":{"line":592,"column":13}}},"29":{"name":"(anonymous_39)","decl":{"start":{"line":582,"column":37},"end":{"line":582,"column":40}},"loc":{"start":{"line":582,"column":42},"end":{"line":587,"column":17}}},"30":{"name":"(anonymous_40)","decl":{"start":{"line":587,"column":25},"end":{"line":587,"column":26}},"loc":{"start":{"line":587,"column":35},"end":{"line":590,"column":17}}},"31":{"name":"(anonymous_41)","decl":{"start":{"line":592,"column":21},"end":{"line":592,"column":22}},"loc":{"start":{"line":592,"column":31},"end":{"line":595,"column":13}}},"32":{"name":"(anonymous_42)","decl":{"start":{"line":597,"column":17},"end":{"line":597,"column":18}},"loc":{"start":{"line":597,"column":27},"end":{"line":600,"column":9}}},"33":{"name":"(anonymous_43)","decl":{"start":{"line":609,"column":12},"end":{"line":609,"column":23}},"loc":{"start":{"line":609,"column":120},"end":{"line":676,"column":5}}},"34":{"name":"(anonymous_44)","decl":{"start":{"line":611,"column":28},"end":{"line":611,"column":33}},"loc":{"start":{"line":611,"column":90},"end":{"line":619,"column":9}}},"35":{"name":"(anonymous_45)","decl":{"start":{"line":622,"column":28},"end":{"line":622,"column":29}},"loc":{"start":{"line":622,"column":45},"end":{"line":639,"column":9}}},"36":{"name":"(anonymous_46)","decl":{"start":{"line":641,"column":30},"end":{"line":641,"column":33}},"loc":{"start":{"line":641,"column":36},"end":{"line":641,"column":83}}},"37":{"name":"(anonymous_47)","decl":{"start":{"line":652,"column":23},"end":{"line":652,"column":24}},"loc":{"start":{"line":652,"column":41},"end":{"line":660,"column":13}}},"38":{"name":"(anonymous_48)","decl":{"start":{"line":664,"column":63},"end":{"line":664,"column":66}},"loc":{"start":{"line":664,"column":69},"end":{"line":664,"column":86}}},"39":{"name":"(anonymous_49)","decl":{"start":{"line":665,"column":61},"end":{"line":665,"column":64}},"loc":{"start":{"line":665,"column":67},"end":{"line":665,"column":83}}},"40":{"name":"(anonymous_50)","decl":{"start":{"line":667,"column":40},"end":{"line":667,"column":41}},"loc":{"start":{"line":667,"column":46},"end":{"line":670,"column":9}}},"41":{"name":"(anonymous_51)","decl":{"start":{"line":672,"column":39},"end":{"line":672,"column":40}},"loc":{"start":{"line":672,"column":45},"end":{"line":675,"column":9}}},"42":{"name":"(anonymous_52)","decl":{"start":{"line":686,"column":4},"end":{"line":686,"column":9}},"loc":{"start":{"line":686,"column":35},"end":{"line":708,"column":5}}},"43":{"name":"(anonymous_53)","decl":{"start":{"line":719,"column":4},"end":{"line":719,"column":14}},"loc":{"start":{"line":719,"column":14},"end":{"line":724,"column":5}}},"44":{"name":"(anonymous_54)","decl":{"start":{"line":733,"column":4},"end":{"line":733,"column":13}},"loc":{"start":{"line":733,"column":13},"end":{"line":735,"column":5}}}},"branchMap":{"0":{"loc":{"start":{"line":174,"column":12},"end":{"line":185,"column":13}},"type":"if","locations":[{"start":{"line":174,"column":12},"end":{"line":185,"column":13}}]},"1":{"loc":{"start":{"line":176,"column":20},"end":{"line":183,"column":21}},"type":"if","locations":[{"start":{"line":176,"column":20},"end":{"line":183,"column":21}},{"start":{"line":181,"column":27},"end":{"line":183,"column":21}}]},"2":{"loc":{"start":{"line":247,"column":76},"end":{"line":247,"column":101}},"type":"default-arg","locations":[{"start":{"line":247,"column":96},"end":{"line":247,"column":101}}]},"3":{"loc":{"start":{"line":250,"column":18},"end":{"line":250,"column":68}},"type":"binary-expr","locations":[{"start":{"line":250,"column":18},"end":{"line":250,"column":25}},{"start":{"line":250,"column":29},"end":{"line":250,"column":59}},{"start":{"line":250,"column":63},"end":{"line":250,"column":68}}]},"4":{"loc":{"start":{"line":252,"column":8},"end":{"line":258,"column":9}},"type":"if","locations":[{"start":{"line":252,"column":8},"end":{"line":258,"column":9}}]},"5":{"loc":{"start":{"line":260,"column":8},"end":{"line":270,"column":9}},"type":"if","locations":[{"start":{"line":260,"column":8},"end":{"line":270,"column":9}}]},"6":{"loc":{"start":{"line":262,"column":16},"end":{"line":268,"column":17}},"type":"if","locations":[{"start":{"line":262,"column":16},"end":{"line":268,"column":17}}]},"7":{"loc":{"start":{"line":299,"column":8},"end":{"line":308,"column":9}},"type":"if","locations":[{"start":{"line":299,"column":8},"end":{"line":308,"column":9}}]},"8":{"loc":{"start":{"line":303,"column":24},"end":{"line":304,"column":105}},"type":"binary-expr","locations":[{"start":{"line":303,"column":24},"end":{"line":303,"column":116}},{"start":{"line":304,"column":27},"end":{"line":304,"column":105}}]},"9":{"loc":{"start":{"line":314,"column":8},"end":{"line":323,"column":9}},"type":"if","locations":[{"start":{"line":314,"column":8},"end":{"line":323,"column":9}}]},"10":{"loc":{"start":{"line":318,"column":24},"end":{"line":319,"column":92}},"type":"binary-expr","locations":[{"start":{"line":318,"column":24},"end":{"line":318,"column":103}},{"start":{"line":319,"column":27},"end":{"line":319,"column":92}}]},"11":{"loc":{"start":{"line":336,"column":12},"end":{"line":410,"column":13}},"type":"if","locations":[{"start":{"line":336,"column":12},"end":{"line":410,"column":13}}]},"12":{"loc":{"start":{"line":338,"column":20},"end":{"line":398,"column":21}},"type":"if","locations":[{"start":{"line":338,"column":20},"end":{"line":398,"column":21}},{"start":{"line":396,"column":27},"end":{"line":398,"column":21}}]},"13":{"loc":{"start":{"line":369,"column":37},"end":{"line":369,"column":76}},"type":"binary-expr","locations":[{"start":{"line":369,"column":37},"end":{"line":369,"column":67}},{"start":{"line":369,"column":71},"end":{"line":369,"column":76}}]},"14":{"loc":{"start":{"line":380,"column":36},"end":{"line":391,"column":37}},"type":"if","locations":[{"start":{"line":380,"column":36},"end":{"line":391,"column":37}},{"start":{"line":389,"column":43},"end":{"line":391,"column":37}}]},"15":{"loc":{"start":{"line":404,"column":37},"end":{"line":405,"column":60}},"type":"binary-expr","locations":[{"start":{"line":404,"column":37},"end":{"line":404,"column":79}},{"start":{"line":405,"column":32},"end":{"line":405,"column":60}}]},"16":{"loc":{"start":{"line":412,"column":12},"end":{"line":420,"column":13}},"type":"if","locations":[{"start":{"line":412,"column":12},"end":{"line":420,"column":13}}]},"17":{"loc":{"start":{"line":412,"column":16},"end":{"line":412,"column":87}},"type":"binary-expr","locations":[{"start":{"line":412,"column":16},"end":{"line":412,"column":27}},{"start":{"line":412,"column":32},"end":{"line":412,"column":86}}]},"18":{"loc":{"start":{"line":415,"column":33},"end":{"line":416,"column":93}},"type":"binary-expr","locations":[{"start":{"line":415,"column":33},"end":{"line":415,"column":112}},{"start":{"line":416,"column":28},"end":{"line":416,"column":93}}]},"19":{"loc":{"start":{"line":439,"column":12},"end":{"line":439,"column":40}},"type":"if","locations":[{"start":{"line":439,"column":12},"end":{"line":439,"column":40}}]},"20":{"loc":{"start":{"line":448,"column":20},"end":{"line":452,"column":21}},"type":"if","locations":[{"start":{"line":448,"column":20},"end":{"line":452,"column":21}}]},"21":{"loc":{"start":{"line":457,"column":24},"end":{"line":457,"column":55}},"type":"if","locations":[{"start":{"line":457,"column":24},"end":{"line":457,"column":55}}]},"22":{"loc":{"start":{"line":464,"column":28},"end":{"line":467,"column":29}},"type":"if","locations":[{"start":{"line":464,"column":28},"end":{"line":467,"column":29}}]},"23":{"loc":{"start":{"line":464,"column":32},"end":{"line":464,"column":62}},"type":"binary-expr","locations":[{"start":{"line":464,"column":32},"end":{"line":464,"column":43}},{"start":{"line":464,"column":47},"end":{"line":464,"column":62}}]},"24":{"loc":{"start":{"line":465,"column":32},"end":{"line":465,"column":63}},"type":"if","locations":[{"start":{"line":465,"column":32},"end":{"line":465,"column":63}}]},"25":{"loc":{"start":{"line":470,"column":28},"end":{"line":470,"column":59}},"type":"if","locations":[{"start":{"line":470,"column":28},"end":{"line":470,"column":59}}]},"26":{"loc":{"start":{"line":475,"column":16},"end":{"line":475,"column":44}},"type":"if","locations":[{"start":{"line":475,"column":16},"end":{"line":475,"column":44}}]},"27":{"loc":{"start":{"line":477,"column":31},"end":{"line":477,"column":79}},"type":"cond-expr","locations":[{"start":{"line":477,"column":54},"end":{"line":477,"column":65}},{"start":{"line":477,"column":68},"end":{"line":477,"column":79}}]},"28":{"loc":{"start":{"line":478,"column":16},"end":{"line":496,"column":17}},"type":"if","locations":[{"start":{"line":478,"column":16},"end":{"line":496,"column":17}},{"start":{"line":493,"column":23},"end":{"line":496,"column":17}}]},"29":{"loc":{"start":{"line":480,"column":33},"end":{"line":480,"column":107}},"type":"binary-expr","locations":[{"start":{"line":480,"column":33},"end":{"line":480,"column":75}},{"start":{"line":480,"column":79},"end":{"line":480,"column":107}}]},"30":{"loc":{"start":{"line":487,"column":37},"end":{"line":487,"column":111}},"type":"binary-expr","locations":[{"start":{"line":487,"column":37},"end":{"line":487,"column":79}},{"start":{"line":487,"column":83},"end":{"line":487,"column":111}}]},"31":{"loc":{"start":{"line":499,"column":12},"end":{"line":499,"column":37}},"type":"if","locations":[{"start":{"line":499,"column":12},"end":{"line":499,"column":37}}]},"32":{"loc":{"start":{"line":502,"column":8},"end":{"line":504,"column":9}},"type":"if","locations":[{"start":{"line":502,"column":8},"end":{"line":504,"column":9}}]},"33":{"loc":{"start":{"line":508,"column":8},"end":{"line":510,"column":9}},"type":"if","locations":[{"start":{"line":508,"column":8},"end":{"line":510,"column":9}}]},"34":{"loc":{"start":{"line":512,"column":8},"end":{"line":514,"column":9}},"type":"if","locations":[{"start":{"line":512,"column":8},"end":{"line":514,"column":9}}]},"35":{"loc":{"start":{"line":518,"column":8},"end":{"line":524,"column":9}},"type":"if","locations":[{"start":{"line":518,"column":8},"end":{"line":524,"column":9}}]},"36":{"loc":{"start":{"line":520,"column":16},"end":{"line":522,"column":17}},"type":"if","locations":[{"start":{"line":520,"column":16},"end":{"line":522,"column":17}}]},"37":{"loc":{"start":{"line":527,"column":8},"end":{"line":538,"column":9}},"type":"if","locations":[{"start":{"line":527,"column":8},"end":{"line":538,"column":9}},{"start":{"line":536,"column":15},"end":{"line":538,"column":9}}]},"38":{"loc":{"start":{"line":556,"column":11},"end":{"line":556,"column":37}},"type":"default-arg","locations":[{"start":{"line":556,"column":26},"end":{"line":556,"column":37}}]},"39":{"loc":{"start":{"line":556,"column":39},"end":{"line":556,"column":92}},"type":"default-arg","locations":[{"start":{"line":556,"column":88},"end":{"line":556,"column":92}}]},"40":{"loc":{"start":{"line":561,"column":20},"end":{"line":568,"column":21}},"type":"if","locations":[{"start":{"line":561,"column":20},"end":{"line":568,"column":21}},{"start":{"line":565,"column":27},"end":{"line":568,"column":21}}]},"41":{"loc":{"start":{"line":561,"column":24},"end":{"line":561,"column":63}},"type":"binary-expr","locations":[{"start":{"line":561,"column":24},"end":{"line":561,"column":41}},{"start":{"line":561,"column":45},"end":{"line":561,"column":63}}]},"42":{"loc":{"start":{"line":565,"column":27},"end":{"line":568,"column":21}},"type":"if","locations":[{"start":{"line":565,"column":27},"end":{"line":568,"column":21}}]},"43":{"loc":{"start":{"line":623,"column":12},"end":{"line":638,"column":13}},"type":"switch","locations":[{"start":{"line":624,"column":16},"end":{"line":629,"column":21}},{"start":{"line":630,"column":16},"end":{"line":635,"column":21}},{"start":{"line":636,"column":16},"end":{"line":637,"column":null}}]},"44":{"loc":{"start":{"line":625,"column":20},"end":{"line":629,"column":21}},"type":"if","locations":[{"start":{"line":625,"column":20},"end":{"line":629,"column":21}},{"start":{"line":627,"column":27},"end":{"line":629,"column":21}}]},"45":{"loc":{"start":{"line":631,"column":20},"end":{"line":635,"column":21}},"type":"if","locations":[{"start":{"line":631,"column":20},"end":{"line":635,"column":21}},{"start":{"line":633,"column":27},"end":{"line":635,"column":21}}]},"46":{"loc":{"start":{"line":641,"column":48},"end":{"line":641,"column":71}},"type":"binary-expr","locations":[{"start":{"line":641,"column":48},"end":{"line":641,"column":65}},{"start":{"line":641,"column":69},"end":{"line":641,"column":71}}]},"47":{"loc":{"start":{"line":644,"column":8},"end":{"line":646,"column":9}},"type":"if","locations":[{"start":{"line":644,"column":8},"end":{"line":646,"column":9}}]},"48":{"loc":{"start":{"line":645,"column":52},"end":{"line":645,"column":75}},"type":"binary-expr","locations":[{"start":{"line":645,"column":52},"end":{"line":645,"column":69}},{"start":{"line":645,"column":73},"end":{"line":645,"column":75}}]},"49":{"loc":{"start":{"line":651,"column":8},"end":{"line":661,"column":9}},"type":"if","locations":[{"start":{"line":651,"column":8},"end":{"line":661,"column":9}}]},"50":{"loc":{"start":{"line":653,"column":16},"end":{"line":659,"column":17}},"type":"if","locations":[{"start":{"line":653,"column":16},"end":{"line":659,"column":17}},{"start":{"line":657,"column":23},"end":{"line":659,"column":17}}]},"51":{"loc":{"start":{"line":654,"column":20},"end":{"line":656,"column":21}},"type":"if","locations":[{"start":{"line":654,"column":20},"end":{"line":656,"column":21}}]},"52":{"loc":{"start":{"line":657,"column":23},"end":{"line":659,"column":17}},"type":"if","locations":[{"start":{"line":657,"column":23},"end":{"line":659,"column":17}}]},"53":{"loc":{"start":{"line":687,"column":8},"end":{"line":699,"column":9}},"type":"if","locations":[{"start":{"line":687,"column":8},"end":{"line":699,"column":9}}]},"54":{"loc":{"start":{"line":688,"column":12},"end":{"line":691,"column":13}},"type":"if","locations":[{"start":{"line":688,"column":12},"end":{"line":691,"column":13}}]},"55":{"loc":{"start":{"line":693,"column":12},"end":{"line":696,"column":13}},"type":"if","locations":[{"start":{"line":693,"column":12},"end":{"line":696,"column":13}}]},"56":{"loc":{"start":{"line":701,"column":8},"end":{"line":705,"column":9}},"type":"if","locations":[{"start":{"line":701,"column":8},"end":{"line":705,"column":9}}]}},"s":{"0":1,"1":1,"2":1,"3":1,"4":1,"5":1,"6":1,"7":1,"8":1,"9":1,"10":1,"11":1,"12":1,"13":1,"14":1,"15":1,"16":1,"17":1,"18":1,"19":1,"20":1,"21":1,"22":0,"23":1,"24":1,"25":1,"26":1,"27":1,"28":1,"29":1,"30":1,"31":1,"32":1,"33":1,"34":1,"35":1,"36":6,"37":5,"38":7,"39":7,"40":7,"41":7,"42":0,"43":1,"44":1,"45":1,"46":0,"47":0,"48":0,"49":0,"50":0,"51":0,"52":0,"53":0,"54":0,"55":0,"56":0,"57":0,"58":0,"59":0,"60":9,"61":8,"62":8,"63":9,"64":0,"65":9,"66":9,"67":9,"68":0,"69":9,"70":19,"71":19,"72":19,"73":19,"74":19,"75":8,"76":8,"77":8,"78":8,"79":8,"80":8,"81":8,"82":1,"83":8,"84":0,"85":0,"86":8,"87":8,"88":8,"89":8,"90":8,"91":8,"92":8,"93":7,"94":7,"95":7,"96":7,"97":0,"98":7,"99":0,"100":0,"101":0,"102":19,"103":1,"104":22,"105":9,"106":0,"107":9,"108":9,"109":9,"110":9,"111":9,"112":8,"113":0,"114":9,"115":8,"116":8,"117":7,"118":8,"119":9,"120":9,"121":1,"122":1,"123":1,"124":0,"125":0,"126":0,"127":0,"128":0,"129":0,"130":0,"131":0,"132":0,"133":0,"134":0,"135":9,"136":8,"137":22,"138":21,"139":1,"140":0,"141":1,"142":0,"143":1,"144":1,"145":0,"146":0,"147":0,"148":1,"149":0,"150":1,"151":1,"152":1,"153":1,"154":1,"155":1,"156":1,"157":1,"158":1,"159":0,"160":0,"161":0,"162":1,"163":1,"164":1,"165":1,"166":0,"167":0,"168":0,"169":0,"170":0,"171":0,"172":1,"173":9,"174":9,"175":9,"176":0,"177":1,"178":1,"179":1,"180":0,"181":1,"182":0,"183":0,"184":0,"185":0,"186":1,"187":1,"188":1,"189":0,"190":1,"191":1,"192":0,"193":0,"194":0,"195":0,"196":0,"197":0,"198":1,"199":0,"200":1,"201":1,"202":1,"203":0,"204":0,"205":1,"206":0,"207":0,"208":1,"209":1,"210":1,"211":1,"212":1,"213":0,"214":0,"215":1,"216":0,"217":0,"218":0,"219":0,"220":0,"221":0,"222":1,"223":1},"f":{"0":1,"1":0,"2":1,"3":1,"4":1,"5":6,"6":7,"7":0,"8":0,"9":0,"10":0,"11":8,"12":1,"13":7,"14":7,"15":7,"16":22,"17":9,"18":0,"19":8,"20":9,"21":0,"22":1,"23":1,"24":1,"25":1,"26":1,"27":1,"28":1,"29":1,"30":0,"31":0,"32":0,"33":1,"34":9,"35":1,"36":1,"37":0,"38":0,"39":1,"40":0,"41":0,"42":1,"43":0,"44":1},"b":{"0":[5],"1":[7,0],"2":[0],"3":[0,0,0],"4":[0],"5":[0],"6":[0],"7":[0],"8":[0,0],"9":[0],"10":[0,0],"11":[8],"12":[8,0],"13":[8,8],"14":[0,7],"15":[0,0],"16":[1],"17":[19,6],"18":[1,0],"19":[0],"20":[8],"21":[7],"22":[1],"23":[9,1],"24":[1],"25":[0],"26":[0],"27":[0,0],"28":[0,0],"29":[0,0],"30":[0,0],"31":[8],"32":[21],"33":[0],"34":[0],"35":[0],"36":[0],"37":[0,1],"38":[0],"39":[0],"40":[1,0],"41":[1,1],"42":[0],"43":[1,0,0],"44":[0,1],"45":[0,0],"46":[1,0],"47":[0],"48":[0,0],"49":[0],"50":[0,0],"51":[0],"52":[0],"53":[1],"54":[1],"55":[0],"56":[0]}}
,"/home/mrmkz/Documents/packages/AxonJs/src/core/config/AxonConfig.ts": {"path":"/home/mrmkz/Documents/packages/AxonJs/src/core/config/AxonConfig.ts","statementMap":{"0":{"start":{"line":40,"column":0},"end":{"line":40,"column":7}},"1":{"start":{"line":2,"column":0},"end":{"line":2,"column":38}},"2":{"start":{"line":3,"column":0},"end":{"line":3,"column":30}},"3":{"start":{"line":4,"column":0},"end":{"line":4,"column":36}},"4":{"start":{"line":7,"column":0},"end":{"line":7,"column":45}},"5":{"start":{"line":13,"column":0},"end":{"line":13,"column":52}},"6":{"start":{"line":15,"column":22},"end":{"line":15,"column":65}},"7":{"start":{"line":18,"column":20},"end":{"line":18,"column":48}},"8":{"start":{"line":19,"column":19},"end":{"line":19,"column":47}},"9":{"start":{"line":20,"column":4},"end":{"line":20,"column":36}},"10":{"start":{"line":24,"column":19},"end":{"line":32,"column":6}},"11":{"start":{"line":33,"column":17},"end":{"line":33,"column":43}},"12":{"start":{"line":34,"column":19},"end":{"line":34,"column":34}},"13":{"start":{"line":35,"column":15},"end":{"line":35,"column":65}},"14":{"start":{"line":36,"column":4},"end":{"line":36,"column":40}},"15":{"start":{"line":37,"column":4},"end":{"line":37,"column":26}},"16":{"start":{"line":41,"column":21},"end":{"line":54,"column":6}},"17":{"start":{"line":49,"column":33},"end":{"line":49,"column":55}},"18":{"start":{"line":50,"column":34},"end":{"line":50,"column":56}},"19":{"start":{"line":51,"column":33},"end":{"line":51,"column":50}},"20":{"start":{"line":52,"column":34},"end":{"line":52,"column":51}},"21":{"start":{"line":56,"column":19},"end":{"line":56,"column":55}},"22":{"start":{"line":58,"column":4},"end":{"line":58,"column":46}},"23":{"start":{"line":58,"column":25},"end":{"line":58,"column":46}},"24":{"start":{"line":60,"column":4},"end":{"line":60,"column":95}},"25":{"start":{"line":60,"column":56},"end":{"line":60,"column":95}},"26":{"start":{"line":62,"column":19},"end":{"line":62,"column":57}},"27":{"start":{"line":64,"column":4},"end":{"line":66,"column":5}},"28":{"start":{"line":65,"column":8},"end":{"line":65,"column":null}},"29":{"start":{"line":68,"column":4},"end":{"line":70,"column":5}},"30":{"start":{"line":69,"column":8},"end":{"line":69,"column":null}},"31":{"start":{"line":72,"column":4},"end":{"line":72,"column":51}},"32":{"start":{"line":72,"column":13},"end":{"line":72,"column":51}},"33":{"start":{"line":74,"column":4},"end":{"line":74,"column":18}}},"fnMap":{"0":{"name":"loadJSConfig","decl":{"start":{"line":17,"column":15},"end":{"line":17,"column":27}},"loc":{"start":{"line":17,"column":44},"end":{"line":21,"column":1}}},"1":{"name":"loadTSConfig","decl":{"start":{"line":23,"column":15},"end":{"line":23,"column":27}},"loc":{"start":{"line":23,"column":44},"end":{"line":38,"column":1}}},"2":{"name":"resolveConfig","decl":{"start":{"line":40,"column":22},"end":{"line":40,"column":35}},"loc":{"start":{"line":40,"column":55},"end":{"line":75,"column":1}}},"3":{"name":"(anonymous_4)","decl":{"start":{"line":49,"column":19},"end":{"line":49,"column":20}},"loc":{"start":{"line":49,"column":33},"end":{"line":49,"column":55}}},"4":{"name":"(anonymous_5)","decl":{"start":{"line":50,"column":20},"end":{"line":50,"column":21}},"loc":{"start":{"line":50,"column":34},"end":{"line":50,"column":56}}},"5":{"name":"(anonymous_6)","decl":{"start":{"line":51,"column":19},"end":{"line":51,"column":20}},"loc":{"start":{"line":51,"column":33},"end":{"line":51,"column":50}}},"6":{"name":"(anonymous_7)","decl":{"start":{"line":52,"column":20},"end":{"line":52,"column":21}},"loc":{"start":{"line":52,"column":34},"end":{"line":52,"column":51}}}},"branchMap":{"0":{"loc":{"start":{"line":20,"column":11},"end":{"line":20,"column":35}},"type":"binary-expr","locations":[{"start":{"line":20,"column":11},"end":{"line":20,"column":25}},{"start":{"line":20,"column":29},"end":{"line":20,"column":35}}]},"1":{"loc":{"start":{"line":40,"column":36},"end":{"line":40,"column":55}},"type":"default-arg","locations":[{"start":{"line":40,"column":51},"end":{"line":40,"column":55}}]},"2":{"loc":{"start":{"line":58,"column":4},"end":{"line":58,"column":46}},"type":"if","locations":[{"start":{"line":58,"column":4},"end":{"line":58,"column":46}}]},"3":{"loc":{"start":{"line":60,"column":4},"end":{"line":60,"column":95}},"type":"if","locations":[{"start":{"line":60,"column":4},"end":{"line":60,"column":95}}]},"4":{"loc":{"start":{"line":64,"column":4},"end":{"line":66,"column":5}},"type":"if","locations":[{"start":{"line":64,"column":4},"end":{"line":66,"column":5}}]},"5":{"loc":{"start":{"line":68,"column":4},"end":{"line":70,"column":5}},"type":"if","locations":[{"start":{"line":68,"column":4},"end":{"line":70,"column":5}}]},"6":{"loc":{"start":{"line":72,"column":4},"end":{"line":72,"column":51}},"type":"if","locations":[{"start":{"line":72,"column":4},"end":{"line":72,"column":51}}]}},"s":{"0":1,"1":1,"2":1,"3":1,"4":1,"5":1,"6":1,"7":0,"8":0,"9":0,"10":0,"11":0,"12":0,"13":0,"14":0,"15":0,"16":2,"17":0,"18":0,"19":0,"20":0,"21":2,"22":2,"23":2,"24":0,"25":0,"26":0,"27":0,"28":0,"29":0,"30":0,"31":0,"32":0,"33":0},"f":{"0":0,"1":0,"2":2,"3":0,"4":0,"5":0,"6":0},"b":{"0":[0,0],"1":[1],"2":[2],"3":[0],"4":[0],"5":[0],"6":[0]}}
,"/home/mrmkz/Documents/packages/AxonJs/src/core/config/defaultConfig.ts": {"path":"/home/mrmkz/Documents/packages/AxonJs/src/core/config/defaultConfig.ts","statementMap":{"0":{"start":{"line":4,"column":0},"end":{"line":20,"column":16}}},"fnMap":{},"branchMap":{},"s":{"0":1},"f":{},"b":{}}
,"/home/mrmkz/Documents/packages/AxonJs/src/core/cookie/AxonCookie.ts": {"path":"/home/mrmkz/Documents/packages/AxonJs/src/core/cookie/AxonCookie.ts","statementMap":{"0":{"start":{"line":11,"column":48},"end":{"line":11,"column":50}},"1":{"start":{"line":12,"column":29},"end":{"line":12,"column":47}},"2":{"start":{"line":14,"column":8},"end":{"line":19,"column":9}},"3":{"start":{"line":15,"column":12},"end":{"line":18,"column":15}},"4":{"start":{"line":16,"column":38},"end":{"line":16,"column":62}},"5":{"start":{"line":17,"column":16},"end":{"line":17,"column":58}},"6":{"start":{"line":21,"column":8},"end":{"line":21,"column":23}},"7":{"start":{"line":28,"column":20},"end":{"line":28,"column":30}},"8":{"start":{"line":29,"column":29},"end":{"line":29,"column":42}},"9":{"start":{"line":30,"column":24},"end":{"line":30,"column":66}},"10":{"start":{"line":32,"column":8},"end":{"line":34,"column":9}},"11":{"start":{"line":33,"column":12},"end":{"line":33,"column":62}},"12":{"start":{"line":36,"column":8},"end":{"line":49,"column":9}},"13":{"start":{"line":37,"column":24},"end":{"line":37,"column":46}},"14":{"start":{"line":38,"column":25},"end":{"line":38,"column":45}},"15":{"start":{"line":40,"column":12},"end":{"line":48,"column":13}},"16":{"start":{"line":41,"column":26},"end":{"line":41,"column":65}},"17":{"start":{"line":41,"column":66},"end":{"line":41,"column":72}},"18":{"start":{"line":42,"column":26},"end":{"line":42,"column":65}},"19":{"start":{"line":42,"column":66},"end":{"line":42,"column":72}},"20":{"start":{"line":43,"column":26},"end":{"line":43,"column":61}},"21":{"start":{"line":43,"column":62},"end":{"line":43,"column":68}},"22":{"start":{"line":44,"column":26},"end":{"line":44,"column":59}},"23":{"start":{"line":44,"column":60},"end":{"line":44,"column":66}},"24":{"start":{"line":45,"column":26},"end":{"line":45,"column":61}},"25":{"start":{"line":45,"column":62},"end":{"line":45,"column":68}},"26":{"start":{"line":46,"column":26},"end":{"line":46,"column":67}},"27":{"start":{"line":46,"column":68},"end":{"line":46,"column":74}},"28":{"start":{"line":47,"column":25},"end":{"line":47,"column":75}},"29":{"start":{"line":51,"column":23},"end":{"line":51,"column":72}},"30":{"start":{"line":52,"column":8},"end":{"line":52,"column":40}},"31":{"start":{"line":59,"column":27},"end":{"line":59,"column":65}},"32":{"start":{"line":62,"column":8},"end":{"line":66,"column":9}},"33":{"start":{"line":63,"column":40},"end":{"line":63,"column":91}},"34":{"start":{"line":64,"column":12},"end":{"line":64,"column":38}},"35":{"start":{"line":65,"column":12},"end":{"line":65,"column":36}},"36":{"start":{"line":68,"column":8},"end":{"line":68,"column":82}},"37":{"start":{"line":68,"column":36},"end":{"line":68,"column":82}},"38":{"start":{"line":69,"column":8},"end":{"line":69,"column":90}},"39":{"start":{"line":69,"column":29},"end":{"line":69,"column":90}},"40":{"start":{"line":70,"column":8},"end":{"line":70,"column":67}},"41":{"start":{"line":70,"column":26},"end":{"line":70,"column":67}},"42":{"start":{"line":71,"column":8},"end":{"line":71,"column":73}},"43":{"start":{"line":71,"column":28},"end":{"line":71,"column":73}},"44":{"start":{"line":72,"column":8},"end":{"line":72,"column":55}},"45":{"start":{"line":72,"column":28},"end":{"line":72,"column":55}},"46":{"start":{"line":73,"column":8},"end":{"line":73,"column":59}},"47":{"start":{"line":73,"column":30},"end":{"line":73,"column":59}},"48":{"start":{"line":74,"column":8},"end":{"line":74,"column":79}},"49":{"start":{"line":74,"column":30},"end":{"line":74,"column":79}},"50":{"start":{"line":76,"column":32},"end":{"line":76,"column":59}},"51":{"start":{"line":77,"column":29},"end":{"line":81,"column":20}},"52":{"start":{"line":83,"column":8},"end":{"line":86,"column":11}},"53":{"start":{"line":95,"column":29},"end":{"line":100,"column":10}},"54":{"start":{"line":102,"column":8},"end":{"line":102,"column":46}},"55":{"start":{"line":106,"column":0},"end":{"line":106,"column":26}}},"fnMap":{"0":{"name":"(anonymous_0)","decl":{"start":{"line":10,"column":4},"end":{"line":10,"column":10}},"loc":{"start":{"line":10,"column":34},"end":{"line":22,"column":5}}},"1":{"name":"(anonymous_1)","decl":{"start":{"line":15,"column":44},"end":{"line":15,"column":50}},"loc":{"start":{"line":15,"column":53},"end":{"line":18,"column":13}}},"2":{"name":"(anonymous_2)","decl":{"start":{"line":27,"column":12},"end":{"line":27,"column":18}},"loc":{"start":{"line":27,"column":64},"end":{"line":53,"column":5}}},"3":{"name":"(anonymous_3)","decl":{"start":{"line":58,"column":4},"end":{"line":58,"column":10}},"loc":{"start":{"line":58,"column":86},"end":{"line":87,"column":5}}},"4":{"name":"(anonymous_4)","decl":{"start":{"line":94,"column":4},"end":{"line":94,"column":10}},"loc":{"start":{"line":94,"column":73},"end":{"line":103,"column":5}}}},"branchMap":{"0":{"loc":{"start":{"line":14,"column":8},"end":{"line":19,"column":9}},"type":"if","locations":[{"start":{"line":14,"column":8},"end":{"line":19,"column":9}}]},"1":{"loc":{"start":{"line":32,"column":8},"end":{"line":34,"column":9}},"type":"if","locations":[{"start":{"line":32,"column":8},"end":{"line":34,"column":9}}]},"2":{"loc":{"start":{"line":40,"column":12},"end":{"line":48,"column":13}},"type":"switch","locations":[{"start":{"line":41,"column":16},"end":{"line":41,"column":72}},{"start":{"line":42,"column":16},"end":{"line":42,"column":72}},{"start":{"line":43,"column":16},"end":{"line":43,"column":68}},{"start":{"line":44,"column":16},"end":{"line":44,"column":66}},{"start":{"line":45,"column":16},"end":{"line":45,"column":68}},{"start":{"line":46,"column":16},"end":{"line":46,"column":74}},{"start":{"line":47,"column":16},"end":{"line":47,"column":75}}]},"3":{"loc":{"start":{"line":58,"column":59},"end":{"line":58,"column":86}},"type":"default-arg","locations":[{"start":{"line":58,"column":84},"end":{"line":58,"column":86}}]},"4":{"loc":{"start":{"line":62,"column":8},"end":{"line":66,"column":9}},"type":"if","locations":[{"start":{"line":62,"column":8},"end":{"line":66,"column":9}}]},"5":{"loc":{"start":{"line":68,"column":8},"end":{"line":68,"column":82}},"type":"if","locations":[{"start":{"line":68,"column":8},"end":{"line":68,"column":82}}]},"6":{"loc":{"start":{"line":69,"column":8},"end":{"line":69,"column":90}},"type":"if","locations":[{"start":{"line":69,"column":8},"end":{"line":69,"column":90}}]},"7":{"loc":{"start":{"line":70,"column":8},"end":{"line":70,"column":67}},"type":"if","locations":[{"start":{"line":70,"column":8},"end":{"line":70,"column":67}}]},"8":{"loc":{"start":{"line":71,"column":8},"end":{"line":71,"column":73}},"type":"if","locations":[{"start":{"line":71,"column":8},"end":{"line":71,"column":73}}]},"9":{"loc":{"start":{"line":72,"column":8},"end":{"line":72,"column":55}},"type":"if","locations":[{"start":{"line":72,"column":8},"end":{"line":72,"column":55}}]},"10":{"loc":{"start":{"line":73,"column":8},"end":{"line":73,"column":59}},"type":"if","locations":[{"start":{"line":73,"column":8},"end":{"line":73,"column":59}}]},"11":{"loc":{"start":{"line":74,"column":8},"end":{"line":74,"column":79}},"type":"if","locations":[{"start":{"line":74,"column":8},"end":{"line":74,"column":79}}]},"12":{"loc":{"start":{"line":77,"column":29},"end":{"line":81,"column":20}},"type":"cond-expr","locations":[{"start":{"line":78,"column":14},"end":{"line":78,"column":29}},{"start":{"line":79,"column":14},"end":{"line":81,"column":20}}]},"13":{"loc":{"start":{"line":79,"column":14},"end":{"line":81,"column":20}},"type":"cond-expr","locations":[{"start":{"line":80,"column":18},"end":{"line":80,"column":35}},{"start":{"line":81,"column":18},"end":{"line":81,"column":20}}]},"14":{"loc":{"start":{"line":94,"column":46},"end":{"line":94,"column":73}},"type":"default-arg","locations":[{"start":{"line":94,"column":71},"end":{"line":94,"column":73}}]}},"s":{"0":0,"1":0,"2":0,"3":0,"4":0,"5":0,"6":0,"7":0,"8":0,"9":0,"10":0,"11":0,"12":0,"13":0,"14":0,"15":0,"16":0,"17":0,"18":0,"19":0,"20":0,"21":0,"22":0,"23":0,"24":0,"25":0,"26":0,"27":0,"28":0,"29":0,"30":0,"31":0,"32":0,"33":0,"34":0,"35":0,"36":0,"37":0,"38":0,"39":0,"40":0,"41":0,"42":0,"43":0,"44":0,"45":0,"46":0,"47":0,"48":0,"49":0,"50":0,"51":0,"52":0,"53":0,"54":0,"55":1},"f":{"0":0,"1":0,"2":0,"3":0,"4":0},"b":{"0":[0],"1":[0],"2":[0,0,0,0,0,0,0],"3":[0],"4":[0],"5":[0],"6":[0],"7":[0],"8":[0],"9":[0],"10":[0],"11":[0],"12":[0,0],"13":[0,0],"14":[0]}}
,"/home/mrmkz/Documents/packages/AxonJs/src/core/cors/AxonCors.ts": {"path":"/home/mrmkz/Documents/packages/AxonJs/src/core/cors/AxonCors.ts","statementMap":{"0":{"start":{"line":1,"column":0},"end":{"line":1,"column":35}},"1":{"start":{"line":4,"column":0},"end":{"line":4,"column":24}},"2":{"start":{"line":6,"column":17},"end":{"line":11,"column":null}},"3":{"start":{"line":13,"column":17},"end":{"line":15,"column":1}},"4":{"start":{"line":14,"column":4},"end":{"line":14,"column":56}},"5":{"start":{"line":17,"column":24},"end":{"line":32,"column":1}},"6":{"start":{"line":18,"column":4},"end":{"line":31,"column":5}},"7":{"start":{"line":19,"column":8},"end":{"line":23,"column":9}},"8":{"start":{"line":19,"column":21},"end":{"line":19,"column":22}},"9":{"start":{"line":20,"column":12},"end":{"line":22,"column":13}},"10":{"start":{"line":21,"column":16},"end":{"line":21,"column":28}},"11":{"start":{"line":24,"column":8},"end":{"line":24,"column":21}},"12":{"start":{"line":25,"column":11},"end":{"line":31,"column":5}},"13":{"start":{"line":26,"column":8},"end":{"line":26,"column":40}},"14":{"start":{"line":27,"column":11},"end":{"line":31,"column":5}},"15":{"start":{"line":28,"column":8},"end":{"line":28,"column":42}},"16":{"start":{"line":30,"column":8},"end":{"line":30,"column":31}},"17":{"start":{"line":34,"column":24},"end":{"line":69,"column":1}},"18":{"start":{"line":35,"column":24},"end":{"line":35,"column":42}},"19":{"start":{"line":36,"column":18},"end":{"line":36,"column":20}},"20":{"start":{"line":39,"column":4},"end":{"line":66,"column":5}},"21":{"start":{"line":41,"column":8},"end":{"line":44,"column":12}},"22":{"start":{"line":45,"column":11},"end":{"line":66,"column":5}},"23":{"start":{"line":47,"column":8},"end":{"line":50,"column":12}},"24":{"start":{"line":51,"column":8},"end":{"line":54,"column":12}},"25":{"start":{"line":56,"column":8},"end":{"line":56,"column":73}},"26":{"start":{"line":58,"column":8},"end":{"line":61,"column":12}},"27":{"start":{"line":62,"column":8},"end":{"line":65,"column":12}},"28":{"start":{"line":68,"column":4},"end":{"line":68,"column":19}},"29":{"start":{"line":71,"column":25},"end":{"line":80,"column":1}},"30":{"start":{"line":72,"column":18},"end":{"line":72,"column":33}},"31":{"start":{"line":73,"column":4},"end":{"line":75,"column":5}},"32":{"start":{"line":74,"column":8},"end":{"line":74,"column":44}},"33":{"start":{"line":76,"column":4},"end":{"line":79,"column":6}},"34":{"start":{"line":82,"column":29},"end":{"line":90,"column":1}},"35":{"start":{"line":83,"column":4},"end":{"line":88,"column":5}},"36":{"start":{"line":84,"column":8},"end":{"line":87,"column":10}},"37":{"start":{"line":89,"column":4},"end":{"line":89,"column":16}},"38":{"start":{"line":92,"column":32},"end":{"line":113,"column":1}},"39":{"start":{"line":93,"column":25},"end":{"line":93,"column":66}},"40":{"start":{"line":94,"column":20},"end":{"line":94,"column":22}},"41":{"start":{"line":96,"column":4},"end":{"line":104,"column":5}},"42":{"start":{"line":97,"column":8},"end":{"line":97,"column":71}},"43":{"start":{"line":98,"column":8},"end":{"line":101,"column":12}},"44":{"start":{"line":102,"column":11},"end":{"line":104,"column":5}},"45":{"start":{"line":103,"column":8},"end":{"line":103,"column":50}},"46":{"start":{"line":105,"column":4},"end":{"line":110,"column":5}},"47":{"start":{"line":106,"column":8},"end":{"line":109,"column":12}},"48":{"start":{"line":112,"column":4},"end":{"line":112,"column":19}},"49":{"start":{"line":115,"column":32},"end":{"line":129,"column":1}},"50":{"start":{"line":116,"column":18},"end":{"line":116,"column":40}},"51":{"start":{"line":117,"column":4},"end":{"line":121,"column":5}},"52":{"start":{"line":118,"column":8},"end":{"line":118,"column":20}},"53":{"start":{"line":119,"column":11},"end":{"line":121,"column":5}},"54":{"start":{"line":120,"column":8},"end":{"line":120,"column":36}},"55":{"start":{"line":122,"column":4},"end":{"line":127,"column":5}},"56":{"start":{"line":123,"column":8},"end":{"line":126,"column":10}},"57":{"start":{"line":128,"column":4},"end":{"line":128,"column":16}},"58":{"start":{"line":131,"column":24},"end":{"line":140,"column":1}},"59":{"start":{"line":132,"column":19},"end":{"line":132,"column":102}},"60":{"start":{"line":133,"column":4},"end":{"line":138,"column":5}},"61":{"start":{"line":134,"column":8},"end":{"line":137,"column":10}},"62":{"start":{"line":139,"column":4},"end":{"line":139,"column":16}},"63":{"start":{"line":142,"column":21},"end":{"line":155,"column":1}},"64":{"start":{"line":143,"column":4},"end":{"line":154,"column":5}},"65":{"start":{"line":143,"column":17},"end":{"line":143,"column":18}},"66":{"start":{"line":143,"column":24},"end":{"line":143,"column":38}},"67":{"start":{"line":144,"column":23},"end":{"line":144,"column":33}},"68":{"start":{"line":145,"column":8},"end":{"line":153,"column":9}},"69":{"start":{"line":146,"column":12},"end":{"line":152,"column":13}},"70":{"start":{"line":147,"column":16},"end":{"line":147,"column":42}},"71":{"start":{"line":148,"column":19},"end":{"line":152,"column":13}},"72":{"start":{"line":149,"column":16},"end":{"line":149,"column":40}},"73":{"start":{"line":150,"column":19},"end":{"line":152,"column":13}},"74":{"start":{"line":151,"column":16},"end":{"line":151,"column":56}},"75":{"start":{"line":157,"column":13},"end":{"line":188,"column":1}},"76":{"start":{"line":158,"column":20},"end":{"line":158,"column":22}},"77":{"start":{"line":159,"column":17},"end":{"line":159,"column":81}},"78":{"start":{"line":161,"column":4},"end":{"line":187,"column":5}},"79":{"start":{"line":163,"column":8},"end":{"line":163,"column":58}},"80":{"start":{"line":164,"column":8},"end":{"line":164,"column":null}},"81":{"start":{"line":165,"column":8},"end":{"line":165,"column":null}},"82":{"start":{"line":166,"column":8},"end":{"line":166,"column":66}},"83":{"start":{"line":167,"column":8},"end":{"line":167,"column":null}},"84":{"start":{"line":168,"column":8},"end":{"line":168,"column":null}},"85":{"start":{"line":169,"column":8},"end":{"line":169,"column":41}},"86":{"start":{"line":171,"column":8},"end":{"line":179,"column":9}},"87":{"start":{"line":172,"column":12},"end":{"line":172,"column":25}},"88":{"start":{"line":176,"column":12},"end":{"line":176,"column":58}},"89":{"start":{"line":177,"column":12},"end":{"line":177,"column":49}},"90":{"start":{"line":178,"column":12},"end":{"line":178,"column":22}},"91":{"start":{"line":182,"column":8},"end":{"line":182,"column":58}},"92":{"start":{"line":183,"column":8},"end":{"line":183,"column":null}},"93":{"start":{"line":184,"column":8},"end":{"line":184,"column":null}},"94":{"start":{"line":185,"column":8},"end":{"line":185,"column":41}},"95":{"start":{"line":186,"column":8},"end":{"line":186,"column":21}},"96":{"start":{"line":190,"column":26},"end":{"line":247,"column":1}},"97":{"start":{"line":193,"column":4},"end":{"line":199,"column":5}},"98":{"start":{"line":194,"column":8},"end":{"line":194,"column":28}},"99":{"start":{"line":196,"column":8},"end":{"line":198,"column":10}},"100":{"start":{"line":197,"column":12},"end":{"line":197,"column":30}},"101":{"start":{"line":201,"column":4},"end":{"line":246,"column":6}},"102":{"start":{"line":202,"column":8},"end":{"line":245,"column":11}},"103":{"start":{"line":203,"column":12},"end":{"line":244,"column":13}},"104":{"start":{"line":204,"column":16},"end":{"line":211,"column":19}},"105":{"start":{"line":214,"column":36},"end":{"line":214,"column":65}},"106":{"start":{"line":215,"column":37},"end":{"line":215,"column":41}},"107":{"start":{"line":216,"column":16},"end":{"line":222,"column":17}},"108":{"start":{"line":217,"column":20},"end":{"line":217,"column":56}},"109":{"start":{"line":218,"column":23},"end":{"line":222,"column":17}},"110":{"start":{"line":219,"column":20},"end":{"line":221,"column":22}},"111":{"start":{"line":220,"column":24},"end":{"line":220,"column":59}},"112":{"start":{"line":224,"column":16},"end":{"line":243,"column":17}},"113":{"start":{"line":225,"column":20},"end":{"line":240,"column":23}},"114":{"start":{"line":226,"column":24},"end":{"line":239,"column":25}},"115":{"start":{"line":227,"column":28},"end":{"line":234,"column":31}},"116":{"start":{"line":237,"column":28},"end":{"line":237,"column":56}},"117":{"start":{"line":238,"column":28},"end":{"line":238,"column":68}},"118":{"start":{"line":242,"column":20},"end":{"line":242,"column":33}},"119":{"start":{"line":249,"column":0},"end":{"line":251,"column":2}}},"fnMap":{"0":{"name":"(anonymous_1)","decl":{"start":{"line":13,"column":17},"end":{"line":13,"column":18}},"loc":{"start":{"line":13,"column":28},"end":{"line":15,"column":1}}},"1":{"name":"(anonymous_2)","decl":{"start":{"line":17,"column":24},"end":{"line":17,"column":29}},"loc":{"start":{"line":17,"column":66},"end":{"line":32,"column":1}}},"2":{"name":"(anonymous_3)","decl":{"start":{"line"
[...]
,"/home/mrmkz/Documents/packages/AxonJs/src/core/response/AxonResponse.ts": {"path":"/home/mrmkz/Documents/packages/AxonJs/src/core/response/AxonResponse.ts","statementMap":{"0":{"start":{"line":7,"column":8},"end":{"line":7,"column":23}},"1":{"start":{"line":14,"column":8},"end":{"line":14,"column":41}},"2":{"start":{"line":16,"column":8},"end":{"line":23,"column":11}},"3":{"start":{"line":18,"column":16},"end":{"line":20,"column":17}},"4":{"start":{"line":19,"column":20},"end":{"line":19,"column":96}},"5":{"start":{"line":21,"column":16},"end":{"line":21,"column":59}},"6":{"start":{"line":33,"column":8},"end":{"line":45,"column":9}},"7":{"start":{"line":35,"column":16},"end":{"line":35,"column":65}},"8":{"start":{"line":36,"column":16},"end":{"line":36,"column":22}},"9":{"start":{"line":38,"column":16},"end":{"line":38,"column":71}},"10":{"start":{"line":39,"column":16},"end":{"line":39,"column":44}},"11":{"start":{"line":40,"column":16},"end":{"line":40,"column":22}},"12":{"start":{"line":42,"column":16},"end":{"line":42,"column":71}},"13":{"start":{"line":43,"column":16},"end":{"line":43,"column":42}},"14":{"start":{"line":44,"column":16},"end":{"line":44,"column":22}},"15":{"start":{"line":47,"column":8},"end":{"line":47,"column":27}},"16":{"start":{"line":51,"column":8},"end":{"line":51,"column":51}},"17":{"start":{"line":53,"column":8},"end":{"line":53,"column":20}},"18":{"start":{"line":57,"column":0},"end":{"line":57,"column":28}}},"fnMap":{"0":{"name":"(anonymous_0)","decl":{"start":{"line":6,"column":4},"end":{"line":6,"column":16}},"loc":{"start":{"line":6,"column":29},"end":{"line":8,"column":5}}},"1":{"name":"(anonymous_1)","decl":{"start":{"line":13,"column":11},"end":{"line":13,"column":18}},"loc":{"start":{"line":13,"column":34},"end":{"line":24,"column":5}}},"2":{"name":"(anonymous_2)","decl":{"start":{"line":17,"column":12},"end":{"line":17,"column":15}},"loc":{"start":{"line":17,"column":28},"end":{"line":22,"column":13}}},"3":{"name":"(anonymous_3)","decl":{"start":{"line":32,"column":11},"end":{"line":32,"column":15}},"loc":{"start":{"line":32,"column":37},"end":{"line":48,"column":5}}},"4":{"name":"(anonymous_4)","decl":{"start":{"line":50,"column":11},"end":{"line":50,"column":20}},"loc":{"start":{"line":50,"column":47},"end":{"line":54,"column":5}}}},"branchMap":{"0":{"loc":{"start":{"line":18,"column":16},"end":{"line":20,"column":17}},"type":"if","locations":[{"start":{"line":18,"column":16},"end":{"line":20,"column":17}}]},"1":{"loc":{"start":{"line":33,"column":8},"end":{"line":45,"column":9}},"type":"switch","locations":[{"start":{"line":34,"column":12},"end":{"line":36,"column":22}},{"start":{"line":37,"column":12},"end":{"line":40,"column":22}},{"start":{"line":41,"column":12},"end":{"line":44,"column":22}}]}},"s":{"0":8,"1":0,"2":0,"3":0,"4":0,"5":0,"6":8,"7":0,"8":0,"9":8,"10":8,"11":8,"12":0,"13":0,"14":0,"15":8,"16":0,"17":0,"18":1},"f":{"0":8,"1":0,"2":0,"3":8,"4":0},"b":{"0":[0],"1":[0,8,0]}}
,"/home/mrmkz/Documents/packages/AxonJs/src/core/services/unloadRoutesService.ts": {"path":"/home/mrmkz/Documents/packages/AxonJs/src/core/services/unloadRoutesService.ts","statementMap":{"0":{"start":{"line":3,"column":0},"end":{"line":3,"column":45}},"1":{"start":{"line":14,"column":47},"end":{"line":57,"column":1}},"2":{"start":{"line":15,"column":4},"end":{"line":30,"column":5}},"3":{"start":{"line":16,"column":42},"end":{"line":16,"column":63}},"4":{"start":{"line":18,"column":9},"end":{"line":29,"column":null}},"5":{"start":{"line":19,"column":12},"end":{"line":28,"column":13}},"6":{"start":{"line":20,"column":16},"end":{"line":27,"column":null}},"7":{"start":{"line":21,"column":20},"end":{"line":26,"column":21}},"8":{"start":{"line":22,"column":24},"end":{"line":22,"column":null}},"9":{"start":{"line":23,"column":24},"end":{"line":23,"column":null}},"10":{"start":{"line":25,"column":24},"end":{"line":25,"column":null}},"11":{"start":{"line":32,"column":4},"end":{"line":36,"column":5}},"12":{"start":{"line":33,"column":8},"end":{"line":33,"column":29}},"13":{"start":{"line":35,"column":8},"end":{"line":35,"column":null}},"14":{"start":{"line":38,"column":4},"end":{"line":56,"column":5}},"15":{"start":{"line":39,"column":22},"end":{"line":39,"column":27}},"16":{"start":{"line":40,"column":9},"end":{"line":53,"column":null}},"17":{"start":{"line":41,"column":12},"end":{"line":52,"column":13}},"18":{"start":{"line":42,"column":16},"end":{"line":51,"column":null}},"19":{"start":{"line":43,"column":20},"end":{"line":50,"column":21}},"20":{"start":{"line":44,"column":24},"end":{"line":44,"column":null}},"21":{"start":{"line":45,"column":24},"end":{"line":45,"column":null}},"22":{"start":{"line":47,"column":24},"end":{"line":47,"column":39}},"23":{"start":{"line":49,"column":24},"end":{"line":49,"column":null}},"24":{"start":{"line":55,"column":8},"end":{"line":55,"column":null}},"25":{"start":{"line":55,"column":22},"end":{"line":55,"column":null}},"26":{"start":{"line":14,"column":13},"end":{"line":14,"column":47}},"27":{"start":{"line":59,"column":35},"end":{"line":67,"column":1}},"28":{"start":{"line":60,"column":5},"end":{"line":62,"column":7}},"29":{"start":{"line":61,"column":8},"end":{"line":61,"column":29}},"30":{"start":{"line":64,"column":4},"end":{"line":64,"column":null}},"31":{"start":{"line":66,"column":4},"end":{"line":66,"column":19}},"32":{"start":{"line":59,"column":13},"end":{"line":59,"column":35}}},"fnMap":{"0":{"name":"(anonymous_0)","decl":{"start":{"line":14,"column":47},"end":{"line":14,"column":52}},"loc":{"start":{"line":14,"column":92},"end":{"line":57,"column":1}}},"1":{"name":"(anonymous_1)","decl":{"start":{"line":18,"column":72},"end":{"line":18,"column":73}},"loc":{"start":{"line":18,"column":83},"end":{"line":29,"column":9}}},"2":{"name":"(anonymous_2)","decl":{"start":{"line":20,"column":58},"end":{"line":20,"column":59}},"loc":{"start":{"line":20,"column":68},"end":{"line":27,"column":17}}},"3":{"name":"(anonymous_3)","decl":{"start":{"line":40,"column":67},"end":{"line":40,"column":68}},"loc":{"start":{"line":40,"column":78},"end":{"line":53,"column":9}}},"4":{"name":"(anonymous_4)","decl":{"start":{"line":42,"column":53},"end":{"line":42,"column":54}},"loc":{"start":{"line":42,"column":64},"end":{"line":51,"column":17}}},"5":{"name":"(anonymous_5)","decl":{"start":{"line":59,"column":35},"end":{"line":59,"column":40}},"loc":{"start":{"line":59,"column":66},"end":{"line":67,"column":1}}},"6":{"name":"(anonymous_6)","decl":{"start":{"line":60,"column":63},"end":{"line":60,"column":69}},"loc":{"start":{"line":60,"column":72},"end":{"line":62,"column":5}}}},"branchMap":{"0":{"loc":{"start":{"line":15,"column":4},"end":{"line":30,"column":5}},"type":"if","locations":[{"start":{"line":15,"column":4},"end":{"line":30,"column":5}}]},"1":{"loc":{"start":{"line":19,"column":12},"end":{"line":28,"column":13}},"type":"if","locations":[{"start":{"line":19,"column":12},"end":{"line":28,"column":13}}]},"2":{"loc":{"start":{"line":21,"column":20},"end":{"line":26,"column":21}},"type":"if","locations":[{"start":{"line":21,"column":20},"end":{"line":26,"column":21}}]},"3":{"loc":{"start":{"line":32,"column":4},"end":{"line":36,"column":5}},"type":"if","locations":[{"start":{"line":32,"column":4},"end":{"line":36,"column":5}}]},"4":{"loc":{"start":{"line":38,"column":4},"end":{"line":56,"column":5}},"type":"if","locations":[{"start":{"line":38,"column":4},"end":{"line":56,"column":5}}]},"5":{"loc":{"start":{"line":41,"column":12},"end":{"line":52,"column":13}},"type":"if","locations":[{"start":{"line":41,"column":12},"end":{"line":52,"column":13}}]},"6":{"loc":{"start":{"line":43,"column":20},"end":{"line":50,"column":21}},"type":"if","locations":[{"start":{"line":43,"column":20},"end":{"line":50,"column":21}}]},"7":{"loc":{"start":{"line":55,"column":8},"end":{"line":55,"column":null}},"type":"if","locations":[{"start":{"line":55,"column":8},"end":{"line":55,"column":null}}]}},"s":{"0":1,"1":1,"2":0,"3":0,"4":0,"5":0,"6":0,"7":0,"8":0,"9":0,"10":0,"11":0,"12":0,"13":0,"14":0,"15":0,"16":0,"17":0,"18":0,"19":0,"20":0,"21":0,"22":0,"23":0,"24":0,"25":0,"26":1,"27":1,"28":0,"29":0,"30":0,"31":0,"32":1},"f":{"0":0,"1":0,"2":0,"3":0,"4":0,"5":0,"6":0},"b":{"0":[0],"1":[0],"2":[0],"3":[0],"4":[0],"5":[0],"6":[0],"7":[0]}}
,"/home/mrmkz/Documents/packages/AxonJs/src/core/utils/coreLogger.ts": {"path":"/home/mrmkz/Documents/packages/AxonJs/src/core/utils/coreLogger.ts","statementMap":{"0":{"start":{"line":1,"column":0},"end":{"line":1,"column":24}},"1":{"start":{"line":2,"column":0},"end":{"line":2,"column":33}},"2":{"start":{"line":4,"column":21},"end":{"line":20,"column":2}},"3":{"start":{"line":22,"column":15},"end":{"line":38,"column":null}},"4":{"start":{"line":42,"column":2},"end":{"line":42,"column":8}}},"fnMap":{},"branchMap":{},"s":{"0":1,"1":1,"2":1,"3":1,"4":1},"f":{},"b":{}}
,"/home/mrmkz/Documents/packages/AxonJs/src/core/utils/getRequestBody.ts": {"path":"/home/mrmkz/Documents/packages/AxonJs/src/core/utils/getRequestBody.ts","statementMap":{"0":{"start":{"line":3,"column":23},"end":{"line":25,"column":1}},"1":{"start":{"line":4,"column":4},"end":{"line":24,"column":7}},"2":{"start":{"line":5,"column":19},"end":{"line":5,"column":21}},"3":{"start":{"line":7,"column":8},"end":{"line":9,"column":11}},"4":{"start":{"line":8,"column":12},"end":{"line":8,"column":37}},"5":{"start":{"line":11,"column":8},"end":{"line":19,"column":11}},"6":{"start":{"line":12,"column":12},"end":{"line":18,"column":13}},"7":{"start":{"line":13,"column":16},"end":{"line":13,"column":44}},"8":{"start":{"line":14,"column":16},"end":{"line":14,"column":34}},"9":{"start":{"line":16,"column":16},"end":{"line":16,"column":32}},"10":{"start":{"line":17,"column":16},"end":{"line":17,"column":34}},"11":{"start":{"line":21,"column":8},"end":{"line":23,"column":11}},"12":{"start":{"line":22,"column":12},"end":{"line":22,"column":26}},"13":{"start":{"line":27,"column":0},"end":{"line":27,"column":null}}},"fnMap":{"0":{"name":"(anonymous_0)","decl":{"start":{"line":3,"column":23},"end":{"line":3,"column":28}},"loc":{"start":{"line":3,"column":117},"end":{"line":25,"column":1}}},"1":{"name":"(anonymous_1)","decl":{"start":{"line":4,"column":23},"end":{"line":4,"column":24}},"loc":{"start":{"line":4,"column":43},"end":{"line":24,"column":5}}},"2":{"name":"(anonymous_2)","decl":{"start":{"line":7,"column":23},"end":{"line":7,"column":24}},"loc":{"start":{"line":7,"column":33},"end":{"line":9,"column":9}}},"3":{"name":"(anonymous_3)","decl":{"start":{"line":11,"column":22},"end":{"line":11,"column":25}},"loc":{"start":{"line":11,"column":27},"end":{"line":19,"column":9}}},"4":{"name":"(anonymous_4)","decl":{"start":{"line":21,"column":24},"end":{"line":21,"column":25}},"loc":{"start":{"line":21,"column":34},"end":{"line":23,"column":9}}}},"branchMap":{},"s":{"0":1,"1":9,"2":9,"3":9,"4":0,"5":9,"6":9,"7":9,"8":0,"9":9,"10":9,"11":9,"12":0,"13":1},"f":{"0":9,"1":9,"2":0,"3":9,"4":0},"b":{}}
,"/home/mrmkz/Documents/packages/AxonJs/src/core/utils/routePrefixHandler.ts": {"path":"/home/mrmkz/Documents/packages/AxonJs/src/core/utils/routePrefixHandler.ts","statementMap":{"0":{"start":{"line":1,"column":23},"end":{"line":17,"column":1}},"1":{"start":{"line":2,"column":4},"end":{"line":2,"column":null}},"2":{"start":{"line":3,"column":4},"end":{"line":3,"column":null}},"3":{"start":{"line":5,"column":4},"end":{"line":6,"column":null}},"4":{"start":{"line":6,"column":8},"end":{"line":6,"column":null}},"5":{"start":{"line":8,"column":4},"end":{"line":9,"column":null}},"6":{"start":{"line":9,"column":8},"end":{"line":9,"column":null}},"7":{"start":{"line":11,"column":4},"end":{"line":12,"column":null}},"8":{"start":{"line":12,"column":8},"end":{"line":12,"column":null}},"9":{"start":{"line":14,"column":4},"end":{"line":14,"column":null}},"10":{"start":{"line":16,"column":4},"end":{"line":16,"column":null}},"11":{"start":{"line":19,"column":0},"end":{"line":19,"column":null}}},"fnMap":{"0":{"name":"(anonymous_0)","decl":{"start":{"line":1,"column":23},"end":{"line":1,"column":24}},"loc":{"start":{"line":1,"column":57},"end":{"line":17,"column":1}}}},"branchMap":{"0":{"loc":{"start":{"line":5,"column":4},"end":{"line":6,"column":null}},"type":"if","locations":[{"start":{"line":5,"column":4},"end":{"line":6,"column":null}}]},"1":{"loc":{"start":{"line":8,"column":4},"end":{"line":9,"column":null}},"type":"if","locations":[{"start":{"line":8,"column":4},"end":{"line":9,"column":null}}]},"2":{"loc":{"start":{"line":11,"column":4},"end":{"line":12,"column":null}},"type":"if","locations":[{"start":{"line":11,"column":4},"end":{"line":12,"column":null}}]}},"s":{"0":1,"1":0,"2":0,"3":0,"4":0,"5":0,"6":0,"7":0,"8":0,"9":0,"10":0,"11":1},"f":{"0":0},"b":{"0":[0],"1":[0],"2":[0]}}
,"/home/mrmkz/Documents/packages/AxonJs/src/core/validation/AxonValidator.ts": {"path":"/home/mrmkz/Documents/packages/AxonJs/src/core/validation/AxonValidator.ts","statementMap":{"0":{"start":{"line":1,"column":0},"end":{"line":1,"column":27}},"1":{"start":{"line":2,"column":0},"end":{"line":2,"column":22}},"2":{"start":{"line":3,"column":0},"end":{"line":3,"column":35}},"3":{"start":{"line":15,"column":8},"end":{"line":65,"column":null}},"4":{"start":{"line":16,"column":12},"end":{"line":64,"column":13}},"5":{"start":{"line":17,"column":39},"end":{"line":17,"column":113}},"6":{"start":{"line":19,"column":16},"end":{"line":35,"column":17}},"7":{"start":{"line":21,"column":20},"end":{"line":21,"column":90}},"8":{"start":{"line":23,"column":23},"end":{"line":35,"column":17}},"9":{"start":{"line":25,"column":20},"end":{"line":25,"column":86}},"10":{"start":{"line":27,"column":23},"end":{"line":35,"column":17}},"11":{"start":{"line":29,"column":38},"end":{"line":29,"column":103}},"12":{"start":{"line":31,"column":20},"end":{"line":31,"column":43}},"13":{"start":{"line":31,"column":31},"end":{"line":31,"column":43}},"14":{"start":{"line":34,"column":20},"end":{"line":34,"column":69}},"15":{"start":{"line":37,"column":16},"end":{"line":37,"column":30}},"16":{"start":{"line":42,"column":16},"end":{"line":58,"column":17}},"17":{"start":{"line":43,"column":20},"end":{"line":43,"column":null}},"18":{"start":{"line":44,"column":23},"end":{"line":58,"column":17}},"19":{"start":{"line":45,"column":20},"end":{"line":45,"column":121}},"20":{"start":{"line":45,"column":64},"end":{"line":45,"column":119}},"21":{"start":{"line":46,"column":23},"end":{"line":58,"column":17}},"22":{"start":{"line":47,"column":20},"end":{"line":47,"column":120}},"23":{"start":{"line":47,"column":63},"end":{"line":47,"column":118}},"24":{"start":{"line":49,"column":20},"end":{"line":57,"column":21}},"25":{"start":{"line":50,"column":24},"end":{"line":52,"column":25}},"26":{"start":{"line":51,"column":28},"end":{"line":51,"column":69}},"27":{"start":{"line":54,"column":24},"end":{"line":56,"column":25}},"28":{"start":{"line":55,"column":28},"end":{"line":55,"column":null}},"29":{"start":{"line":60,"column":16},"end":{"line":63,"column":19}},"30":{"start":{"line":13,"column":0},"end":{"line":13,"column":13}}},"fnMap":{"0":{"name":"(anonymous_10)","decl":{"start":{"line":14,"column":4},"end":{"line":14,"column":10}},"loc":{"start":{"line":14,"column":108},"end":{"line":66,"column":5}}},"1":{"name":"(anonymous_11)","decl":{"start":{"line":15,"column":15},"end":{"line":15,"column":20}},"loc":{"start":{"line":15,"column":40},"end":{"line":65,"column":9}}},"2":{"name":"(anonymous_12)","decl":{"start":{"line":45,"column":53},"end":{"line":45,"column":60}},"loc":{"start":{"line":45,"column":64},"end":{"line":45,"column":119}}},"3":{"name":"(anonymous_13)","decl":{"start":{"line":47,"column":52},"end":{"line":47,"column":59}},"loc":{"start":{"line":47,"column":63},"end":{"line":47,"column":118}}}},"branchMap":{"0":{"loc":{"start":{"line":14,"column":74},"end":{"line":14,"column":108}},"type":"default-arg","locations":[{"start":{"line":14,"column":102},"end":{"line":14,"column":108}}]},"1":{"loc":{"start":{"line":17,"column":39},"end":{"line":17,"column":113}},"type":"cond-expr","locations":[{"start":{"line":17,"column":59},"end":{"line":17,"column":67}},{"start":{"line":17,"column":70},"end":{"line":17,"column":113}}]},"2":{"loc":{"start":{"line":17,"column":70},"end":{"line":17,"column":113}},"type":"cond-expr","locations":[{"start":{"line":17,"column":91},"end":{"line":17,"column":100}},{"start":{"line":17,"column":103},"end":{"line":17,"column":113}}]},"3":{"loc":{"start":{"line":19,"column":16},"end":{"line":35,"column":17}},"type":"if","locations":[{"start":{"line":19,"column":16},"end":{"line":35,"column":17}},{"start":{"line":23,"column":23},"end":{"line":35,"column":17}}]},"4":{"loc":{"start":{"line":23,"column":23},"end":{"line":35,"column":17}},"type":"if","locations":[{"start":{"line":23,"column":23},"end":{"line":35,"column":17}},{"start":{"line":27,"column":23},"end":{"line":35,"column":17}}]},"5":{"loc":{"start":{"line":27,"column":23},"end":{"line":35,"column":17}},"type":"if","locations":[{"start":{"line":27,"column":23},"end":{"line":35,"column":17}},{"start":{"line":33,"column":23},"end":{"line":35,"column":17}}]},"6":{"loc":{"start":{"line":31,"column":20},"end":{"line":31,"column":43}},"type":"if","locations":[{"start":{"line":31,"column":20},"end":{"line":31,"column":43}}]},"7":{"loc":{"start":{"line":42,"column":16},"end":{"line":58,"column":17}},"type":"if","locations":[{"start":{"line":42,"column":16},"end":{"line":58,"column":17}},{"start":{"line":44,"column":23},"end":{"line":58,"column":17}}]},"8":{"loc":{"start":{"line":44,"column":23},"end":{"line":58,"column":17}},"type":"if","locations":[{"start":{"line":44,"column":23},"end":{"line":58,"column":17}},{"start":{"line":46,"column":23},"end":{"line":58,"column":17}}]},"9":{"loc":{"start":{"line":46,"column":23},"end":{"line":58,"column":17}},"type":"if","locations":[{"start":{"line":46,"column":23},"end":{"line":58,"column":17}},{"start":{"line":48,"column":23},"end":{"line":58,"column":17}}]},"10":{"loc":{"start":{"line":50,"column":24},"end":{"line":52,"column":25}},"type":"if","locations":[{"start":{"line":50,"column":24},"end":{"line":52,"column":25}}]},"11":{"loc":{"start":{"line":54,"column":24},"end":{"line":56,"column":25}},"type":"if","locations":[{"start":{"line":54,"column":24},"end":{"line":56,"column":25}}]},"12":{"loc":{"start":{"line":62,"column":28},"end":{"line":62,"column":94}},"type":"cond-expr","locations":[{"start":{"line":62,"column":53},"end":{"line":62,"column":65}},{"start":{"line":62,"column":68},"end":{"line":62,"column":94}}]}},"s":{"0":1,"1":1,"2":1,"3":0,"4":0,"5":0,"6":0,"7":0,"8":0,"9":0,"10":0,"11":0,"12":0,"13":0,"14":0,"15":0,"16":0,"17":0,"18":0,"19":0,"20":0,"21":0,"22":0,"23":0,"24":0,"25":0,"26":0,"27":0,"28":0,"29":0,"30":1},"f":{"0":0,"1":0,"2":0,"3":0},"b":{"0":[0],"1":[0,0],"2":[0,0],"3":[0,0],"4":[0,0],"5":[0,0],"6":[0],"7":[0,0],"8":[0,0],"9":[0,0],"10":[0],"11":[0],"12":[0,0]}}
}
