TN:
SF:src/index.ts
FN:44,(anonymous_1)
FN:50,(anonymous_2)
FNF:2
FNH:2
FNDA:1,(anonymous_1)
FNDA:1,(anonymous_2)
DA:5,1
DA:6,1
DA:7,1
DA:8,1
DA:44,1
DA:50,1
DA:55,1
DA:62,1
DA:63,1
DA:66,1
DA:67,1
DA:102,1
DA:111,1
LF:13
LH:13
BRF:0
BRH:0
end_of_record
TN:
SF:src/Router/AxonRouter.ts
FN:9,(anonymous_1)
FN:22,(anonymous_2)
FN:28,(anonymous_3)
FN:33,(anonymous_4)
FN:48,(anonymous_5)
FN:89,(anonymous_6)
FN:140,(anonymous_7)
FN:186,(anonymous_8)
FN:236,(anonymous_9)
FN:283,(anonymous_10)
FN:319,(anonymous_11)
FN:342,(anonymous_12)
FN:360,(anonymous_13)
FN:400,(anonymous_14)
FN:405,(anonymous_15)
FN:423,(anonymous_16)
FNF:16
FNH:13
FNDA:0,(anonymous_1)
FNDA:1,(anonymous_2)
FNDA:7,(anonymous_3)
FNDA:1,(anonymous_4)
FNDA:1,(anonymous_5)
FNDA:3,(anonymous_6)
FNDA:1,(anonymous_7)
FNDA:1,(anonymous_8)
FNDA:1,(anonymous_9)
FNDA:1,(anonymous_10)
FNDA:0,(anonymous_11)
FNDA:1,(anonymous_12)
FNDA:7,(anonymous_13)
FNDA:7,(anonymous_14)
FNDA:7,(anonymous_15)
FNDA:0,(anonymous_16)
DA:1,1
DA:2,1
DA:4,1
DA:5,1
DA:6,1
DA:9,1
DA:10,0
DA:22,1
DA:24,1
DA:29,7
DA:30,7
DA:34,1
DA:40,1
DA:49,1
DA:51,1
DA:90,3
DA:91,0
DA:94,3
DA:96,3
DA:97,3
DA:99,3
DA:100,0
DA:103,3
DA:109,3
DA:141,1
DA:142,0
DA:145,1
DA:147,1
DA:148,1
DA:150,1
DA:151,0
DA:154,1
DA:160,1
DA:187,1
DA:188,0
DA:191,1
DA:193,1
DA:194,1
DA:196,1
DA:197,0
DA:200,1
DA:206,1
DA:237,1
DA:238,0
DA:241,1
DA:243,1
DA:244,1
DA:246,1
DA:247,0
DA:250,1
DA:256,1
DA:284,1
DA:285,0
DA:288,1
DA:290,1
DA:291,1
DA:293,1
DA:294,0
DA:297,1
DA:303,1
DA:320,0
DA:321,0
DA:324,0
DA:326,0
DA:327,0
DA:329,0
DA:330,0
DA:333,0
DA:339,0
DA:343,1
DA:361,7
DA:362,7
DA:363,7
DA:364,7
DA:365,8
DA:367,1
DA:368,1
DA:369,0
DA:372,1
DA:373,1
DA:374,1
DA:376,1
DA:377,0
DA:378,0
DA:379,0
DA:381,0
DA:382,0
DA:383,0
DA:386,1
DA:390,7
DA:391,7
DA:392,7
DA:393,7
DA:396,7
DA:397,7
DA:402,7
DA:406,7
DA:407,0
DA:410,7
DA:411,0
DA:413,7
DA:414,0
DA:416,7
DA:417,0
DA:420,7
DA:424,0
DA:425,0
DA:430,1
LF:108
LH:75
BRDA:22,0,0,1
BRDA:22,0,1,1
BRDA:33,1,0,1
BRDA:35,2,0,1
BRDA:35,2,1,1
BRDA:90,3,0,0
BRDA:99,4,0,0
BRDA:141,5,0,0
BRDA:150,6,0,0
BRDA:187,7,0,0
BRDA:196,8,0,0
BRDA:237,9,0,0
BRDA:246,10,0,0
BRDA:284,11,0,0
BRDA:293,12,0,0
BRDA:320,13,0,0
BRDA:329,14,0,0
BRDA:365,15,0,1
BRDA:365,15,1,7
BRDA:368,16,0,0
BRDA:376,17,0,0
BRDA:376,17,1,1
BRDA:376,18,0,1
BRDA:376,18,1,0
BRDA:378,19,0,0
BRDA:391,20,0,6
BRDA:391,20,1,1
BRDA:393,21,0,6
BRDA:393,21,1,1
BRDA:406,22,0,0
BRDA:410,23,0,0
BRDA:413,24,0,0
BRDA:416,25,0,0
BRF:33
BRH:13
end_of_record
TN:
SF:src/Router/exceptions/RouterException.ts
FN:7,(anonymous_0)
FNF:1
FNH:0
FNDA:0,(anonymous_0)
DA:8,0
DA:9,0
DA:10,0
DA:14,1
LF:4
LH:1
BRF:0
BRH:0
end_of_record
TN:
SF:src/core/AxonCore.ts
FN:84,(anonymous_10)
FN:124,(anonymous_11)
FN:128,(anonymous_12)
FN:142,(anonymous_13)
FN:166,(anonymous_14)
FN:173,(anonymous_15)
FN:175,(anonymous_16)
FN:225,(anonymous_17)
FN:234,(anonymous_18)
FN:247,(anonymous_19)
FN:282,(anonymous_20)
FN:293,(anonymous_21)
FN:348,(anonymous_22)
FN:374,(anonymous_23)
FN:375,(anonymous_24)
FN:376,(anonymous_25)
FN:432,(anonymous_26)
FN:446,(anonymous_27)
FN:449,(anonymous_28)
FN:455,(anonymous_29)
FN:463,(anonymous_30)
FN:469,(anonymous_31)
FN:507,(anonymous_32)
FN:556,(anonymous_33)
FN:558,(anonymous_34)
FN:559,(anonymous_35)
FN:560,(anonymous_36)
FN:576,(anonymous_37)
FN:579,(anonymous_38)
FN:582,(anonymous_39)
FN:587,(anonymous_40)
FN:592,(anonymous_41)
FN:597,(anonymous_42)
FN:609,(anonymous_43)
FN:611,(anonymous_44)
FN:622,(anonymous_45)
FN:641,(anonymous_46)
FN:652,(anonymous_47)
FN:664,(anonymous_48)
FN:665,(anonymous_49)
FN:667,(anonymous_50)
FN:672,(anonymous_51)
FN:686,(anonymous_52)
FN:719,(anonymous_53)
FN:733,(anonymous_54)
FNF:45
FNH:30
FNDA:1,(anonymous_10)
FNDA:0,(anonymous_11)
FNDA:1,(anonymous_12)
FNDA:1,(anonymous_13)
FNDA:1,(anonymous_14)
FNDA:6,(anonymous_15)
FNDA:7,(anonymous_16)
FNDA:0,(anonymous_17)
FNDA:0,(anonymous_18)
FNDA:0,(anonymous_19)
FNDA:0,(anonymous_20)
FNDA:8,(anonymous_21)
FNDA:1,(anonymous_22)
FNDA:7,(anonymous_23)
FNDA:7,(anonymous_24)
FNDA:7,(anonymous_25)
FNDA:22,(anonymous_26)
FNDA:9,(anonymous_27)
FNDA:0,(anonymous_28)
FNDA:8,(anonymous_29)
FNDA:9,(anonymous_30)
FNDA:0,(anonymous_31)
FNDA:1,(anonymous_32)
FNDA:1,(anonymous_33)
FNDA:1,(anonymous_34)
FNDA:1,(anonymous_35)
FNDA:1,(anonymous_36)
FNDA:1,(anonymous_37)
FNDA:1,(anonymous_38)
FNDA:1,(anonymous_39)
FNDA:0,(anonymous_40)
FNDA:0,(anonymous_41)
FNDA:0,(anonymous_42)
FNDA:1,(anonymous_43)
FNDA:9,(anonymous_44)
FNDA:1,(anonymous_45)
FNDA:1,(anonymous_46)
FNDA:0,(anonymous_47)
FNDA:0,(anonymous_48)
FNDA:1,(anonymous_49)
FNDA:0,(anonymous_50)
FNDA:0,(anonymous_51)
FNDA:1,(anonymous_52)
FNDA:0,(anonymous_53)
FNDA:1,(anonymous_54)
DA:1,1
DA:2,1
DA:3,1
DA:4,1
DA:7,1
DA:8,1
DA:18,1
DA:24,1
DA:25,1
DA:26,1
DA:27,1
DA:28,1
DA:32,1
DA:38,1
DA:82,1
DA:85,1
DA:90,1
DA:99,1
DA:101,1
DA:102,1
DA:103,1
DA:104,1
DA:106,1
DA:125,0
DA:129,1
DA:131,1
DA:133,1
DA:135,1
DA:143,1
DA:145,1
DA:147,1
DA:149,1
DA:151,1
DA:167,1
DA:169,1
DA:171,1
DA:173,1
DA:174,6
DA:175,5
DA:176,7
DA:177,7
DA:178,7
DA:180,7
DA:182,0
DA:188,1
DA:190,1
DA:192,1
DA:226,0
DA:235,0
DA:248,0
DA:250,0
DA:252,0
DA:253,0
DA:260,0
DA:261,0
DA:262,0
DA:263,0
DA:272,0
DA:274,0
DA:276,0
DA:283,0
DA:293,9
DA:294,8
DA:296,8
DA:299,9
DA:300,0
DA:310,9
DA:312,9
DA:314,9
DA:315,0
DA:325,9
DA:326,19
DA:329,19
DA:332,19
DA:334,19
DA:336,19
DA:337,8
DA:338,8
DA:339,8
DA:341,8
DA:345,8
DA:346,8
DA:348,8
DA:349,1
DA:354,8
DA:355,0
DA:356,0
DA:359,8
DA:360,8
DA:362,8
DA:364,8
DA:366,8
DA:368,8
DA:374,8
DA:375,7
DA:376,7
DA:377,7
DA:380,7
DA:381,0
DA:390,7
DA:397,0
DA:400,0
DA:402,0
DA:412,19
DA:413,1
DA:438,22
DA:439,9
DA:441,9
DA:442,9
DA:444,9
DA:446,9
DA:448,9
DA:449,8
DA:450,0
DA:455,9
DA:456,8
DA:457,8
DA:458,8
DA:462,9
DA:464,9
DA:465,1
DA:466,1
DA:470,0
DA:471,0
DA:475,0
DA:477,0
DA:478,0
DA:479,0
DA:485,0
DA:494,0
DA:495,0
DA:499,9
DA:502,22
DA:503,21
DA:508,1
DA:509,0
DA:512,1
DA:513,0
DA:516,1
DA:518,1
DA:519,0
DA:520,0
DA:521,0
DA:527,1
DA:528,0
DA:537,1
DA:540,1
DA:558,1
DA:559,1
DA:560,1
DA:561,1
DA:562,1
DA:563,1
DA:564,1
DA:565,0
DA:566,0
DA:567,0
DA:576,1
DA:579,1
DA:582,1
DA:585,1
DA:588,0
DA:589,0
DA:593,0
DA:594,0
DA:598,0
DA:599,0
DA:611,1
DA:612,9
DA:613,9
DA:615,9
DA:617,0
DA:622,1
DA:623,1
DA:625,1
DA:626,0
DA:628,1
DA:631,0
DA:632,0
DA:634,0
DA:637,0
DA:641,1
DA:644,1
DA:645,0
DA:648,1
DA:651,1
DA:652,0
DA:653,0
DA:654,0
DA:655,0
DA:657,0
DA:658,0
DA:664,1
DA:665,1
DA:667,1
DA:668,0
DA:669,0
DA:672,1
DA:673,0
DA:674,0
DA:687,1
DA:688,1
DA:689,1
DA:690,1
DA:693,1
DA:694,0
DA:695,0
DA:698,1
DA:701,0
DA:702,0
DA:703,0
DA:704,0
DA:707,0
DA:723,0
DA:734,1
LF:215
LH:141
BRDA:174,0,0,5
BRDA:176,1,0,7
BRDA:176,1,1,0
BRDA:247,2,0,0
BRDA:250,3,0,0
BRDA:250,3,1,0
BRDA:250,3,2,0
BRDA:252,4,0,0
BRDA:260,5,0,0
BRDA:262,6,0,0
BRDA:299,7,0,0
BRDA:303,8,0,0
BRDA:303,8,1,0
BRDA:314,9,0,0
BRDA:318,10,0,0
BRDA:318,10,1,0
BRDA:336,11,0,8
BRDA:338,12,0,8
BRDA:338,12,1,0
BRDA:369,13,0,8
BRDA:369,13,1,8
BRDA:380,14,0,0
BRDA:380,14,1,7
BRDA:404,15,0,0
BRDA:404,15,1,0
BRDA:412,16,0,1
BRDA:412,17,0,19
BRDA:412,17,1,6
BRDA:415,18,0,1
BRDA:415,18,1,0
BRDA:439,19,0,0
BRDA:448,20,0,8
BRDA:457,21,0,7
BRDA:464,22,0,1
BRDA:464,23,0,9
BRDA:464,23,1,1
BRDA:465,24,0,1
BRDA:470,25,0,0
BRDA:475,26,0,0
BRDA:477,27,0,0
BRDA:477,27,1,0
BRDA:478,28,0,0
BRDA:478,28,1,0
BRDA:480,29,0,0
BRDA:480,29,1,0
BRDA:487,30,0,0
BRDA:487,30,1,0
BRDA:499,31,0,8
BRDA:502,32,0,21
BRDA:508,33,0,0
BRDA:512,34,0,0
BRDA:518,35,0,0
BRDA:520,36,0,0
BRDA:527,37,0,0
BRDA:527,37,1,1
BRDA:556,38,0,0
BRDA:556,39,0,0
BRDA:561,40,0,1
BRDA:561,40,1,0
BRDA:561,41,0,1
BRDA:561,41,1,1
BRDA:565,42,0,0
BRDA:623,43,0,1
BRDA:623,43,1,0
BRDA:623,43,2,0
BRDA:625,44,0,0
BRDA:625,44,1,1
BRDA:631,45,0,0
BRDA:631,45,1,0
BRDA:641,46,0,1
BRDA:641,46,1,0
BRDA:644,47,0,0
BRDA:645,48,0,0
BRDA:645,48,1,0
BRDA:651,49,0,0
BRDA:653,50,0,0
BRDA:653,50,1,0
BRDA:654,51,0,0
BRDA:657,52,0,0
BRDA:687,53,0,1
BRDA:688,54,0,1
BRDA:693,55,0,0
BRDA:701,56,0,0
BRF:83
BRH:28
end_of_record
TN:
SF:src/core/config/AxonConfig.ts
FN:17,loadJSConfig
FN:23,loadTSConfig
FN:40,resolveConfig
FN:49,(anonymous_4)
FN:50,(anonymous_5)
FN:51,(anonymous_6)
FN:52,(anonymous_7)
FNF:7
FNH:1
FNDA:0,loadJSConfig
FNDA:0,loadTSConfig
FNDA:2,resolveConfig
FNDA:0,(anonymous_4)
FNDA:0,(anonymous_5)
FNDA:0,(anonymous_6)
FNDA:0,(anonymous_7)
DA:2,1
DA:3,1
DA:4,1
DA:7,1
DA:13,1
DA:15,1
DA:18,0
DA:19,0
DA:20,0
DA:24,0
DA:33,0
DA:34,0
DA:35,0
DA:36,0
DA:37,0
DA:40,1
DA:41,2
DA:49,0
DA:50,0
DA:51,0
DA:52,0
DA:56,2
DA:58,2
DA:60,0
DA:62,0
DA:64,0
DA:65,0
DA:68,0
DA:69,0
DA:72,0
DA:74,0
LF:31
LH:10
BRDA:20,0,0,0
BRDA:20,0,1,0
BRDA:40,1,0,1
BRDA:58,2,0,2
BRDA:60,3,0,0
BRDA:64,4,0,0
BRDA:68,5,0,0
BRDA:72,6,0,0
BRF:8
BRH:2
end_of_record
TN:
SF:src/core/config/defaultConfig.ts
FNF:0
FNH:0
DA:4,1
LF:1
LH:1
BRF:0
BRH:0
end_of_record
TN:
SF:src/core/cookie/AxonCookie.ts
FN:10,(anonymous_0)
FN:15,(anonymous_1)
FN:27,(anonymous_2)
FN:58,(anonymous_3)
FN:94,(anonymous_4)
FNF:5
FNH:0
FNDA:0,(anonymous_0)
FNDA:0,(anonymous_1)
FNDA:0,(anonymous_2)
FNDA:0,(anonymous_3)
FNDA:0,(anonymous_4)
DA:11,0
DA:12,0
DA:14,0
DA:15,0
DA:16,0
DA:17,0
DA:21,0
DA:28,0
DA:29,0
DA:30,0
DA:32,0
DA:33,0
DA:36,0
DA:37,0
DA:38,0
DA:40,0
DA:41,0
DA:42,0
DA:43,0
DA:44,0
DA:45,0
DA:46,0
DA:47,0
DA:51,0
DA:52,0
DA:59,0
DA:62,0
DA:63,0
DA:64,0
DA:65,0
DA:68,0
DA:69,0
DA:70,0
DA:71,0
DA:72,0
DA:73,0
DA:74,0
DA:76,0
DA:77,0
DA:83,0
DA:95,0
DA:102,0
DA:106,1
LF:43
LH:1
BRDA:14,0,0,0
BRDA:32,1,0,0
BRDA:40,2,0,0
BRDA:40,2,1,0
BRDA:40,2,2,0
BRDA:40,2,3,0
BRDA:40,2,4,0
BRDA:40,2,5,0
BRDA:40,2,6,0
BRDA:58,3,0,0
BRDA:62,4,0,0
BRDA:68,5,0,0
BRDA:69,6,0,0
BRDA:70,7,0,0
BRDA:71,8,0,0
BRDA:72,9,0,0
BRDA:73,10,0,0
BRDA:74,11,0,0
BRDA:77,12,0,0
BRDA:77,12,1,0
BRDA:79,13,0,0
BRDA:79,13,1,0
BRDA:94,14,0,0
BRF:23
BRH:0
end_of_record
TN:
SF:src/core/cors/AxonCors.ts
FN:13,(anonymous_1)
FN:17,(anonymous_2)
FN:34,(anonymous_3)
FN:71,(anonymous_4)
FN:82,(anonymous_5)
FN:92,(anonymous_6)
FN:115,(anonymous_7)
FN:131,(anonymous_8)
FN:142,(anonymous_9)
FN:157,(anonymous_10)
FN:190,(anonymous_11)
FN:196,(anonymous_12)
FN:201,(anonymous_13)
FN:202,(anonymous_14)
FN:219,(anonymous_15)
FN:225,(anonymous_16)
FNF:16
FNH:14
FNDA:0,(anonymous_1)
FNDA:0,(anonymous_2)
FNDA:8,(anonymous_3)
FNDA:1,(anonymous_4)
FNDA:8,(anonymous_5)
FNDA:1,(anonymous_6)
FNDA:8,(anonymous_7)
FNDA:1,(anonymous_8)
FNDA:26,(anonymous_9)
FNDA:8,(anonymous_10)
FNDA:8,(anonymous_11)
FNDA:8,(anonymous_12)
FNDA:8,(anonymous_13)
FNDA:8,(anonymous_14)
FNDA:8,(anonymous_15)
FNDA:8,(anonymous_16)
DA:1,1
DA:4,1
DA:6,1
DA:13,1
DA:14,0
DA:17,1
DA:18,0
DA:19,0
DA:20,0
DA:21,0
DA:24,0
DA:25,0
DA:26,0
DA:27,0
DA:28,0
DA:30,0
DA:34,1
DA:35,8
DA:36,8
DA:39,8
DA:41,8
DA:45,0
DA:47,0
DA:51,0
DA:56,0
DA:58,0
DA:62,0
DA:68,8
DA:71,1
DA:72,1
DA:73,1
DA:74,0
DA:76,1
DA:82,1
DA:83,8
DA:84,0
DA:89,8
DA:92,1
DA:93,1
DA:94,1
DA:96,1
DA:97,1
DA:98,1
DA:102,0
DA:103,0
DA:105,1
DA:106,0
DA:112,1
DA:115,1
DA:116,8
DA:117,8
DA:118,8
DA:119,0
DA:120,0
DA:122,0
DA:123,0
DA:128,0
DA:131,1
DA:132,1
DA:133,1
DA:134,0
DA:139,1
DA:142,1
DA:143,26
DA:144,45
DA:145,45
DA:146,28
DA:147,18
DA:148,10
DA:149,1
DA:150,9
DA:151,9
DA:157,1
DA:158,8
DA:159,8
DA:161,8
DA:163,1
DA:164,1
DA:165,1
DA:166,1
DA:167,1
DA:168,1
DA:169,1
DA:171,1
DA:172,0
DA:176,1
DA:177,1
DA:178,1
DA:182,7
DA:183,7
DA:184,7
DA:185,7
DA:186,7
DA:190,1
DA:193,8
DA:194,0
DA:196,8
DA:197,8
DA:201,8
DA:202,8
DA:203,8
DA:204,0
DA:214,8
DA:215,8
DA:216,8
DA:217,0
DA:218,8
DA:219,8
DA:220,8
DA:224,8
DA:225,8
DA:226,8
DA:227,0
DA:237,8
DA:238,8
DA:242,0
DA:249,1
LF:117
LH:83
BRDA:14,0,0,0
BRDA:14,0,1,0
BRDA:18,1,0,0
BRDA:18,1,1,0
BRDA:20,2,0,0
BRDA:25,3,0,0
BRDA:25,3,1,0
BRDA:27,4,0,0
BRDA:27,4,1,0
BRDA:39,5,0,8
BRDA:39,5,1,0
BRDA:39,6,0,8
BRDA:39,6,1,8
BRDA:45,7,0,0
BRDA:45,7,1,0
BRDA:60,8,0,0
BRDA:60,8,1,0
BRDA:73,9,0,0
BRDA:83,10,0,0
BRDA:93,11,0,1
BRDA:93,11,1,1
BRDA:96,12,0,1
BRDA:96,12,1,0
BRDA:102,13,0,0
BRDA:105,14,0,0
BRDA:105,15,0,1
BRDA:105,15,1,0
BRDA:117,16,0,8
BRDA:117,16,1,0
BRDA:119,17,0,0
BRDA:122,18,0,0
BRDA:122,19,0,0
BRDA:122,19,1,0
BRDA:132,20,0,1
BRDA:132,20,1,1
BRDA:132,20,2,0
BRDA:133,21,0,0
BRDA:133,22,0,1
BRDA:133,22,1,0
BRDA:145,23,0,28
BRDA:146,24,0,18
BRDA:146,24,1,10
BRDA:148,25,0,1
BRDA:148,25,1,9
BRDA:148,26,0,10
BRDA:148,26,1,1
BRDA:150,27,0,9
BRDA:159,28,0,8
BRDA:159,28,1,8
BRDA:159,28,2,8
BRDA:161,29,0,1
BRDA:161,29,1,7
BRDA:171,30,0,0
BRDA:171,30,1,1
BRDA:193,31,0,0
BRDA:193,31,1,8
BRDA:203,32,0,0
BRDA:203,32,1,8
BRDA:216,33,0,0
BRDA:216,33,1,8
BRDA:216,34,0,8
BRDA:216,34,1,8
BRDA:218,35,0,8
BRDA:224,36,0,8
BRDA:224,36,1,0
BRDA:226,37,0,0
BRDA:226,37,1,8
BRDA:226,38,0,8
BRDA:226,38,1,8
BRF:69
BRH:35
end_of_record
TN:
SF:src/core/exceptions/CoreExceptions.ts
FN:9,(anonymous_1)
FNF:1
FNH:0
FNDA:0,(anonymous_1)
DA:1,1
DA:9,1
DA:10,0
DA:21,1
LF:4
LH:3
BRF:0
BRH:0
end_of_record
TN:
SF:src/core/plugin/PluginLoader.ts
FN:8,(anonymous_0)
FN:16,(anonymous_1)
FN:19,(anonymous_2)
FN:34,(anonymous_3)
FN:39,(anonymous_4)
FNF:5
FNH:1
FNDA:0,(anonymous_0)
FNDA:1,(anonymous_1)
FNDA:0,(anonymous_2)
FNDA:0,(anonymous_3)
FNDA:0,(anonymous_4)
DA:3,1
DA:5,1
DA:6,1
DA:9,0
DA:10,0
DA:11,0
DA:12,0
DA:13,0
DA:17,1
DA:19,1
DA:21,0
DA:26,0
DA:27,0
DA:29,0
DA:35,0
DA:36,0
DA:39,0
LF:17
LH:5
BRDA:9,0,0,0
BRDA:9,0,1,0
BRDA:17,1,0,1
BRDA:17,1,1,0
BRDA:21,2,0,0
BRDA:21,2,1,0
BRDA:22,3,0,0
BRDA:22,3,1,0
BRDA:22,3,2,0
BRDA:22,3,3,0
BRDA:22,3,4,0
BRDA:35,4,0,0
BRDA:39,5,0,0
BRDA:39,5,1,0
BRF:14
BRH:1
end_of_record
TN:
SF:src/core/response/AxonResponse.ts
FN:6,(anonymous_0)
FN:13,(anonymous_1)
FN:17,(anonymous_2)
FN:32,(anonymous_3)
FN:50,(anonymous_4)
FNF:5
FNH:2
FNDA:8,(anonymous_0)
FNDA:0,(anonymous_1)
FNDA:0,(anonymous_2)
FNDA:8,(anonymous_3)
FNDA:0,(anonymous_4)
DA:7,8
DA:14,0
DA:16,0
DA:18,0
DA:19,0
DA:21,0
DA:33,8
DA:35,0
DA:36,0
DA:38,8
DA:39,8
DA:40,8
DA:42,0
DA:43,0
DA:44,0
DA:47,8
DA:51,0
DA:53,0
DA:57,1
LF:19
LH:7
BRDA:18,0,0,0
BRDA:33,1,0,0
BRDA:33,1,1,8
BRDA:33,1,2,0
BRF:4
BRH:1
end_of_record
TN:
SF:src/core/services/unloadRoutesService.ts
FN:14,(anonymous_0)
FN:18,(anonymous_1)
FN:20,(anonymous_2)
FN:40,(anonymous_3)
FN:42,(anonymous_4)
FN:59,(anonymous_5)
FN:60,(anonymous_6)
FNF:7
FNH:0
FNDA:0,(anonymous_0)
FNDA:0,(anonymous_1)
FNDA:0,(anonymous_2)
FNDA:0,(anonymous_3)
FNDA:0,(anonymous_4)
FNDA:0,(anonymous_5)
FNDA:0,(anonymous_6)
DA:3,1
DA:14,1
DA:15,0
DA:16,0
DA:18,0
DA:19,0
DA:20,0
DA:21,0
DA:22,0
DA:23,0
DA:25,0
DA:32,0
DA:33,0
DA:35,0
DA:38,0
DA:39,0
DA:40,0
DA:41,0
DA:42,0
DA:43,0
DA:44,0
DA:45,0
DA:47,0
DA:49,0
DA:55,0
DA:59,1
DA:60,0
DA:61,0
DA:64,0
DA:66,0
LF:30
LH:3
BRDA:15,0,0,0
BRDA:19,1,0,0
BRDA:21,2,0,0
BRDA:32,3,0,0
BRDA:38,4,0,0
BRDA:41,5,0,0
BRDA:43,6,0,0
BRDA:55,7,0,0
BRF:8
BRH:0
end_of_record
TN:
SF:src/core/utils/coreLogger.ts
FNF:0
FNH:0
DA:1,1
DA:2,1
DA:4,1
DA:22,1
DA:42,1
LF:5
LH:5
BRF:0
BRH:0
end_of_record
TN:
SF:src/core/utils/getRequestBody.ts
FN:3,(anonymous_0)
FN:4,(anonymous_1)
FN:7,(anonymous_2)
FN:11,(anonymous_3)
FN:21,(anonymous_4)
FNF:5
FNH:3
FNDA:9,(anonymous_0)
FNDA:9,(anonymous_1)
FNDA:0,(anonymous_2)
FNDA:9,(anonymous_3)
FNDA:0,(anonymous_4)
DA:3,1
DA:4,9
DA:5,9
DA:7,9
DA:8,0
DA:11,9
DA:12,9
DA:13,9
DA:14,0
DA:16,9
DA:17,9
DA:21,9
DA:22,0
DA:27,1
LF:14
LH:11
BRF:0
BRH:0
end_of_record
TN:
SF:src/core/utils/routePrefixHandler.ts
FN:1,(anonymous_0)
FNF:1
FNH:0
FNDA:0,(anonymous_0)
DA:1,1
DA:2,0
DA:3,0
DA:5,0
DA:6,0
DA:8,0
DA:9,0
DA:11,0
DA:12,0
DA:14,0
DA:16,0
DA:19,1
LF:12
LH:2
BRDA:5,0,0,0
BRDA:8,1,0,0
BRDA:11,2,0,0
BRF:3
BRH:0
end_of_record
TN:
SF:src/core/validation/AxonValidator.ts
FN:14,(anonymous_10)
FN:15,(anonymous_11)
FN:45,(anonymous_12)
FN:47,(anonymous_13)
FNF:4
FNH:0
FNDA:0,(anonymous_10)
FNDA:0,(anonymous_11)
FNDA:0,(anonymous_12)
FNDA:0,(anonymous_13)
DA:1,1
DA:2,1
DA:3,1
DA:13,1
DA:15,0
DA:16,0
DA:17,0
DA:19,0
DA:21,0
DA:23,0
DA:25,0
DA:27,0
DA:29,0
DA:31,0
DA:34,0
DA:37,0
DA:42,0
DA:43,0
DA:44,0
DA:45,0
DA:46,0
DA:47,0
DA:49,0
DA:50,0
DA:51,0
DA:54,0
DA:55,0
DA:60,0
LF:28
LH:4
BRDA:14,0,0,0
BRDA:17,1,0,0
BRDA:17,1,1,0
BRDA:17,2,0,0
BRDA:17,2,1,0
BRDA:19,3,0,0
BRDA:19,3,1,0
BRDA:23,4,0,0
BRDA:23,4,1,0
BRDA:27,5,0,0
BRDA:27,5,1,0
BRDA:31,6,0,0
BRDA:42,7,0,0
BRDA:42,7,1,0
BRDA:44,8,0,0
BRDA:44,8,1,0
BRDA:46,9,0,0
BRDA:46,9,1,0
BRDA:50,10,0,0
BRDA:54,11,0,0
BRDA:62,12,0,0
BRDA:62,12,1,0
BRF:22
BRH:0
end_of_record
